# Device: GVH60A6D075  addr=d4:13:68:21:d0:75
# 950 packets (repeating heartbeat collapsed - see elision notes; --keep-heartbeat to disable)

t+   0.000s WRITE   01 00 ff ff 01 2a
t+   0.057s NOTIFY  04 09 00 00 00
t+   0.057s WRITE   01 00 ff ff 00 28
t+   0.085s NOTIFY  06 01 00 04 00 01 18 05 00 0b 00 00 18 0c 00 13 00 f6 ff
t+   0.086s WRITE   14 00 ff ff 00 28
t+   0.123s NOTIFY  14 14 00 ff ff 10 19 0d 0c 0b 0a 09 08 07 06 05 04 03 02 01 00
t+   0.123s WRITE   01 00 04 00 02 28
t+   0.186s NOTIFY  08 01 00 0a
t+   0.187s WRITE   01 00 04 00 03 28
t+   0.212s NOTIFY  07 02 00 20 03 00 05 2a
t+   0.213s WRITE   03 00 04 00 03 28
t+   0.236s NOTIFY  08 03 00 0a
t+   0.237s WRITE   04 00 04 00
t+   0.261s NOTIFY  01 04 00 02 29
t+   0.262s WRITE   05 00 0b 00 02 28
t+   0.286s NOTIFY  08 05 00 0a
t+   0.287s WRITE   05 00 0b 00 03 28
t+   0.312s NOTIFY  07 06 00 02 07 00 00 2a 08 00 02 09 00 01 2a 0a 00 02 0b 00 04 2a
t+   0.313s WRITE   0b 00 0b 00 03 28
t+   0.336s NOTIFY  08 0b 00 0a
t+   0.337s WRITE   0c 00 13 00 02 28
t+   0.383s NOTIFY  08 0c 00 0a
t+   0.385s WRITE   0c 00 13 00 03 28
t+   0.419s NOTIFY  15 0d 00 0c 0e 00 11 9d 9f 42 9c 4f 9f 95 59 45 3d 26 f5 2e ee 18
t+   0.420s WRITE   0e 00 13 00 03 28
t+   0.460s NOTIFY  15 0f 00 22 10 00 12 9d 9f 42 9c 4f 9f 95 59 45 3d 26 f5 2e ee 18
t+   0.461s WRITE   10 00 13 00 03 28
t+   0.524s NOTIFY  15 12 00 02 13 00 04 8f 21 83 8a 74 7d b8 f2 45 72 87 38 02 63 64
t+   0.526s WRITE   13 00 13 00 03 28
t+   0.561s NOTIFY  08 13 00 0a
t+   0.562s WRITE   11 00 11 00
t+   0.598s NOTIFY  01 11 00 02 29
t+   0.599s WRITE   14 00 ff ff 02 28
t+   0.636s NOTIFY  08 14 00 0a
t+   0.637s WRITE   14 00 ff ff 03 28
t+   0.674s NOTIFY  15 15 00 12 16 00 10 2b 0d 0c 0b 0a 09 08 07 06 05 04 03 02 01 00
t+   0.675s WRITE   16 00 ff ff 03 28
t+   0.712s NOTIFY  15 18 00 06 19 00 11 2b 0d 0c 0b 0a 09 08 07 06 05 04 03 02 01 00
t+   0.713s WRITE   19 00 ff ff 03 28
t+   0.749s NOTIFY  08 19 00 0a
t+   0.750s WRITE   17 00 17 00
t+   0.790s NOTIFY  01 17 00 02 29
t+   0.792s WRITE   1a 00 ff ff
t+   0.825s NOTIFY  04 1a 00 0a
t+   0.859s WRITE   05 02
t+   0.900s NOTIFY  f7 00
t+   0.945s WRITE   e7 01 a2 28 dc 80 d1 96 e8 d8 03 18 56 e1 0d 8f 40 94 97 2a
t+   1.000s NOTIFY  e7 01 82 af dd 0a 37 65 92 bf ec 1a 47 74 a2 cf fc 2a 97 8a
t+   1.001s NOTIFY  e7 01 82 af dd 0a 37 65 92 bf ec 1a 47 74 a2 cf fc 2a 97 8a
t+   1.013s WRITE   e7 02 0d fa 3e 0c 8a c0 8c 40 d0 39 b2 90 f8 e1 a7 87 d3 87
t+   1.037s NOTIFY  e7 02 0d fa 3e 0c 8a c0 8c 40 d0 39 b2 90 f8 e1 a7 87 d3 87
t+   1.049s NOTIFY  e7 02 0d fa 3e 0c 8a c0 8c 40 d0 39 b2 90 f8 e1 a7 87 d3 87
t+   1.061s WRITE   33 09 6a 48 ae dd 01 f9 00 00 00 00 00 00 00 00 00 00 00 93
t+   1.086s NOTIFY  33 09 00 00 00 00 00 00 00 00 00 00 00 00 00 00 00 00 00 3a
t+ 494.841s WRITE   01 00 ff ff 00 2a
t+ 494.888s NOTIFY  0e 07 00 47 56 48 36 30 41 36 37 34 35 37 00
t+ 494.891s WRITE   01 00 ff ff 01 2a
t+ 494.941s NOTIFY  04 09 00 00 00
t+ 494.943s WRITE   01 00 ff ff 00 28
t+ 494.980s NOTIFY  06 01 00 04 00 01 18 05 00 0b 00 00 18 0c 00 13 00 f6 ff
t+ 494.981s WRITE   14 00 ff ff 00 28
t+ 495.032s NOTIFY  14 14 00 ff ff 10 19 0d 0c 0b 0a 09 08 07 06 05 04 03 02 01 00
t+ 495.033s WRITE   01 00 04 00 02 28
t+ 495.059s NOTIFY  08 01 00 0a
t+ 495.060s WRITE   01 00 04 00 03 28
t+ 495.081s NOTIFY  07 02 00 20 03 00 05 2a
t+ 495.082s WRITE   03 00 04 00 03 28
t+ 495.142s NOTIFY  08 03 00 0a
t+ 495.143s WRITE   04 00 04 00
t+ 495.180s NOTIFY  01 04 00 02 29
t+ 495.181s WRITE   05 00 0b 00 02 28
t+ 495.236s NOTIFY  08 05 00 0a
t+ 495.238s WRITE   05 00 0b 00 03 28
t+ 495.348s NOTIFY  07 06 00 02 07 00 00 2a 08 00 02 09 00 01 2a 0a 00 02 0b 00 04 2a
t+ 495.349s WRITE   0b 00 0b 00 03 28
t+ 495.401s NOTIFY  08 0b 00 0a
t+ 495.402s WRITE   0c 00 13 00 02 28
t+ 495.435s NOTIFY  08 0c 00 0a
t+ 495.436s WRITE   0c 00 13 00 03 28
t+ 495.473s NOTIFY  15 0d 00 0c 0e 00 11 9d 9f 42 9c 4f 9f 95 59 45 3d 26 f5 2e ee 18
t+ 495.474s WRITE   0e 00 13 00 03 28
t+ 495.510s NOTIFY  15 0f 00 22 10 00 12 9d 9f 42 9c 4f 9f 95 59 45 3d 26 f5 2e ee 18
t+ 495.511s WRITE   10 00 13 00 03 28
t+ 495.548s NOTIFY  15 12 00 02 13 00 04 8f 21 83 8a 74 7d b8 f2 45 72 87 38 02 63 64
t+ 495.550s WRITE   13 00 13 00 03 28
t+ 495.623s NOTIFY  08 13 00 0a
t+ 495.624s WRITE   11 00 11 00
t+ 495.660s NOTIFY  01 11 00 02 29
t+ 495.662s WRITE   14 00 ff ff 02 28
t+ 495.698s NOTIFY  08 14 00 0a
t+ 495.699s WRITE   14 00 ff ff 03 28
t+ 495.735s NOTIFY  15 15 00 12 16 00 10 2b 0d 0c 0b 0a 09 08 07 06 05 04 03 02 01 00
t+ 495.736s WRITE   16 00 ff ff 03 28
t+ 495.773s NOTIFY  15 18 00 06 19 00 11 2b 0d 0c 0b 0a 09 08 07 06 05 04 03 02 01 00
t+ 495.774s WRITE   19 00 ff ff 03 28
t+ 495.810s NOTIFY  08 19 00 0a
t+ 495.811s WRITE   17 00 17 00
t+ 495.848s NOTIFY  01 17 00 02 29
t+ 495.849s WRITE   1a 00 ff ff
t+ 495.885s NOTIFY  04 1a 00 0a
t+ 495.908s WRITE   05 02
t+ 495.941s NOTIFY  f7 00
t+ 495.961s WRITE   e7 01 7d 03 82 92 28 eb 49 9d 26 e4 08 c2 d4 b4 91 b1 14 c3
t+ 495.998s NOTIFY  e7 01 19 46 74 a1 ce fc 29 56 84 b1 de 0b 39 66 93 c1 14 d8
t+ 495.998s NOTIFY  e7 01 19 46 74 a1 ce fc 29 56 84 b1 de 0b 39 66 93 c1 14 d8
t+ 496.007s WRITE   e7 02 18 6f ac 0e 74 df 7c 3f 98 a4 7f 5e 6f 75 01 f9 5c 7b
t+ 496.035s NOTIFY  e7 02 18 6f ac 0e 74 df 7c 3f 98 a4 7f 5e 6f 75 01 f9 5c 7b
t+ 496.036s NOTIFY  e7 02 18 6f ac 0e 74 df 7c 3f 98 a4 7f 5e 6f 75 01 f9 5c 7b
t+ 496.054s WRITE   aa 01 00 00 00 00 00 00 00 00 00 00 00 00 00 00 00 00 00 ab
t+ 496.120s NOTIFY  aa 01 01 00 00 00 00 00 00 00 00 00 00 00 00 00 00 00 00 aa
t+ 498.050s [...]   -- 11 repeat(s) of the heartbeat above elided (spanning 20.0s); pass --keep-heartbeat to see them all --
t+ 528.887s WRITE   01 00 ff ff 00 2a
t+ 528.922s NOTIFY  0e 07 00 47 56 48 36 30 41 36 37 34 35 37 00
t+ 528.923s WRITE   01 00 ff ff 00 28
t+ 528.957s NOTIFY  06 01 00 04 00 01 18 05 00 0b 00 00 18 0c 00 13 00 f6 ff
t+ 528.958s WRITE   01 00 ff ff 01 2a
t+ 528.996s NOTIFY  04 09 00 00 00
t+ 528.997s WRITE   14 00 ff ff 00 28
t+ 529.058s NOTIFY  14 14 00 ff ff 10 19 0d 0c 0b 0a 09 08 07 06 05 04 03 02 01 00
t+ 529.061s WRITE   01 00 04 00 02 28
t+ 529.082s NOTIFY  08 01 00 0a
t+ 529.084s WRITE   01 00 04 00 03 28
t+ 529.108s NOTIFY  07 02 00 20 03 00 05 2a
t+ 529.109s WRITE   03 00 04 00 03 28
t+ 529.132s NOTIFY  08 03 00 0a
t+ 529.134s WRITE   04 00 04 00
t+ 529.183s NOTIFY  01 04 00 02 29
t+ 529.184s WRITE   05 00 0b 00 02 28
t+ 529.222s NOTIFY  08 05 00 0a
t+ 529.223s WRITE   05 00 0b 00 03 28
t+ 529.258s NOTIFY  07 06 00 02 07 00 00 2a 08 00 02 09 00 01 2a 0a 00 02 0b 00 04 2a
t+ 529.259s WRITE   0b 00 0b 00 03 28
t+ 529.295s NOTIFY  08 0b 00 0a
t+ 529.296s WRITE   0c 00 13 00 02 28
t+ 529.333s NOTIFY  08 0c 00 0a
t+ 529.334s WRITE   0c 00 13 00 03 28
t+ 529.370s NOTIFY  15 0d 00 0c 0e 00 11 9d 9f 42 9c 4f 9f 95 59 45 3d 26 f5 2e ee 18
t+ 529.372s WRITE   0e 00 13 00 03 28
t+ 529.414s NOTIFY  15 0f 00 22 10 00 12 9d 9f 42 9c 4f 9f 95 59 45 3d 26 f5 2e ee 18
t+ 529.416s WRITE   10 00 13 00 03 28
t+ 529.446s NOTIFY  15 12 00 02 13 00 04 8f 21 83 8a 74 7d b8 f2 45 72 87 38 02 63 64
t+ 529.448s WRITE   13 00 13 00 03 28
t+ 529.502s NOTIFY  08 13 00 0a
t+ 529.503s WRITE   11 00 11 00
t+ 529.539s NOTIFY  01 11 00 02 29
t+ 529.540s WRITE   14 00 ff ff 02 28
t+ 529.584s NOTIFY  08 14 00 0a
t+ 529.585s WRITE   14 00 ff ff 03 28
t+ 529.614s NOTIFY  15 15 00 12 16 00 10 2b 0d 0c 0b 0a 09 08 07 06 05 04 03 02 01 00
t+ 529.615s WRITE   16 00 ff ff 03 28
t+ 529.654s NOTIFY  15 18 00 06 19 00 11 2b 0d 0c 0b 0a 09 08 07 06 05 04 03 02 01 00
t+ 529.655s WRITE   19 00 ff ff 03 28
t+ 529.689s NOTIFY  08 19 00 0a
t+ 529.690s WRITE   17 00 17 00
t+ 529.727s NOTIFY  01 17 00 02 29
t+ 529.728s WRITE   1a 00 ff ff
t+ 529.766s NOTIFY  04 1a 00 0a
t+ 529.789s WRITE   05 02
t+ 529.820s NOTIFY  f7 00
t+ 529.850s WRITE   e7 01 3a 56 a0 0a 96 3d ae ac 97 1e bb 90 ca a0 f8 38 9a 1b
t+ 529.876s NOTIFY  e7 01 1d 4b 78 a5 d2 00 2d 5a 88 b5 e2 10 3d 6a 97 c5 9a 98
t+ 529.877s NOTIFY  e7 01 1d 4b 78 a5 d2 00 2d 5a 88 b5 e2 10 3d 6a 97 c5 9a 98
t+ 529.889s WRITE   e7 02 d0 03 41 e1 8f 37 35 47 ed 19 96 4c a9 fc f1 59 37 b8
t+ 529.933s NOTIFY  e7 02 d0 03 41 e1 8f 37 35 47 ed 19 96 4c a9 fc f1 59 37 b8
t+ 529.933s NOTIFY  e7 02 d0 03 41 e1 8f 37 35 47 ed 19 96 4c a9 fc f1 59 37 b8
t+ 529.947s WRITE   aa 01 00 00 00 00 00 00 00 00 00 00 00 00 00 00 00 00 00 ab
t+ 529.971s NOTIFY  aa 01 01 00 00 00 00 00 00 00 00 00 00 00 00 00 00 00 00 aa
t+ 531.946s [...]   -- 3 repeat(s) of the heartbeat above elided (spanning 4.0s); pass --keep-heartbeat to see them all --
t+ 550.120s WRITE   01 00 ff ff 01 2a
t+ 550.158s NOTIFY  04 09 00 00 00
t+ 550.162s WRITE   01 00 ff ff 00 28
t+ 550.192s NOTIFY  06 01 00 04 00 01 18 05 00 0b 00 00 18 0c 00 13 00 f6 ff
t+ 550.192s WRITE   14 00 ff ff 00 28
t+ 550.228s NOTIFY  14 14 00 ff ff 10 19 0d 0c 0b 0a 09 08 07 06 05 04 03 02 01 00
t+ 550.229s WRITE   01 00 04 00 02 28
t+ 550.266s NOTIFY  08 01 00 0a
t+ 550.267s WRITE   01 00 04 00 03 28
t+ 550.325s NOTIFY  07 02 00 20 03 00 05 2a
t+ 550.326s WRITE   03 00 04 00 03 28
t+ 550.346s NOTIFY  08 03 00 0a
t+ 550.346s WRITE   04 00 04 00
t+ 550.371s NOTIFY  01 04 00 02 29
t+ 550.372s WRITE   05 00 0b 00 02 28
t+ 550.412s NOTIFY  08 05 00 0a
t+ 550.414s WRITE   05 00 0b 00 03 28
t+ 550.453s NOTIFY  07 06 00 02 07 00 00 2a 08 00 02 09 00 01 2a 0a 00 02 0b 00 04 2a
t+ 550.454s WRITE   0b 00 0b 00 03 28
t+ 550.500s NOTIFY  08 0b 00 0a
t+ 550.501s WRITE   0c 00 13 00 02 28
t+ 550.525s NOTIFY  08 0c 00 0a
t+ 550.526s WRITE   0c 00 13 00 03 28
t+ 550.581s NOTIFY  15 0d 00 0c 0e 00 11 9d 9f 42 9c 4f 9f 95 59 45 3d 26 f5 2e ee 18
t+ 550.582s WRITE   0e 00 13 00 03 28
t+ 550.619s NOTIFY  15 0f 00 22 10 00 12 9d 9f 42 9c 4f 9f 95 59 45 3d 26 f5 2e ee 18
t+ 550.620s WRITE   10 00 13 00 03 28
t+ 550.658s NOTIFY  15 12 00 02 13 00 04 8f 21 83 8a 74 7d b8 f2 45 72 87 38 02 63 64
t+ 550.659s WRITE   13 00 13 00 03 28
t+ 550.693s NOTIFY  08 13 00 0a
t+ 550.695s WRITE   11 00 11 00
t+ 550.749s NOTIFY  01 11 00 02 29
t+ 550.751s WRITE   14 00 ff ff 02 28
t+ 550.787s NOTIFY  08 14 00 0a
t+ 550.788s WRITE   14 00 ff ff 03 28
t+ 550.827s NOTIFY  15 15 00 12 16 00 10 2b 0d 0c 0b 0a 09 08 07 06 05 04 03 02 01 00
t+ 550.828s WRITE   16 00 ff ff 03 28
t+ 550.862s NOTIFY  15 18 00 06 19 00 11 2b 0d 0c 0b 0a 09 08 07 06 05 04 03 02 01 00
t+ 550.863s WRITE   19 00 ff ff 03 28
t+ 550.900s NOTIFY  08 19 00 0a
t+ 550.901s WRITE   17 00 17 00
t+ 550.937s NOTIFY  01 17 00 02 29
t+ 550.939s WRITE   1a 00 ff ff
t+ 550.982s NOTIFY  04 1a 00 0a
t+ 550.989s WRITE   05 02
t+ 551.013s NOTIFY  f7 00
t+ 551.029s WRITE   e7 01 e0 65 92 56 e8 21 3d 96 32 7b 03 4b e4 31 10 8f b7 39
t+ 551.079s NOTIFY  e7 01 d5 02 2f 5c 8a b7 e4 12 3f 6c 9a c7 f4 21 4f 7c b7 d6
t+ 551.079s NOTIFY  e7 01 d5 02 2f 5c 8a b7 e4 12 3f 6c 9a c7 f4 21 4f 7c b7 d6
t+ 551.085s WRITE   e7 02 dd a7 c5 e5 6d 44 cd 6b 7d 37 c1 d6 d2 4f 1a 2c c1 07
t+ 551.140s NOTIFY  e7 02 dd a7 c5 e5 6d 44 cd 6b 7d 37 c1 d6 d2 4f 1a 2c c1 07
t+ 551.140s NOTIFY  e7 02 dd a7 c5 e5 6d 44 cd 6b 7d 37 c1 d6 d2 4f 1a 2c c1 07
t+ 551.150s WRITE   33 09 6a 48 b1 03 01 f9 00 00 00 00 00 00 00 00 00 00 00 52
t+ 551.155s WRITE   aa 01 00 00 00 00 00 00 00 00 00 00 00 00 00 00 00 00 00 ab
t+ 551.178s NOTIFY  33 09 00 00 00 00 00 00 00 00 00 00 00 00 00 00 00 00 00 3a
t+ 551.179s NOTIFY  aa 01 01 00 00 00 00 00 00 00 00 00 00 00 00 00 00 00 00 aa
t+ 551.185s WRITE   ac 03 03 41 30 a5 00 00 00 00 00 00 00 00 00 00 00 00 00 78
t+ 552.290s NOTIFY  ac 00 0a 00 0c 03 00 01 01 01 04 01 64 05 04 15 01 0a 8c 5a
t+ 552.290s NOTIFY  ac 01 07 07 06 75 d0 21 68 13 d4 07 11 10 74 d0 21 68 13 78
t+ 552.291s NOTIFY  ac 02 d4 78 04 01 00 29 01 04 03 00 00 07 0d 11 d4 13 68 9c
t+ 552.292s NOTIFY  ac 03 21 d0 74 01 00 29 01 04 03 11 04 00 1e 0f 0f 12 07 1a
t+ 552.303s NOTIFY  ac 04 00 64 00 00 80 0f 00 23 10 00 00 00 80 00 00 00 80 70
t+ 552.304s NOTIFY  ac 05 00 00 00 80 00 00 00 80 41 02 02 01 30 02 00 01 a5 7f
t+ 552.305s NOTIFY  ac 06 11 01 32 ff ae 54 3c ff ae 54 46 ff ae 54 51 ff ae f7
t+ 552.315s NOTIFY  ac 07 54 a5 11 02 5a ff ae 54 64 ff ae 54 01 ff ae 54 05 76
t+ 552.316s NOTIFY  ac 08 ff ae 54 a5 11 03 0a ff ae 54 13 ff ae 54 1d ff ae 43
t+ 552.317s NOTIFY  ac ff 54 29 ff ae 54 a5 05 04 32 ff ae 54 00 00 00 00 00 b8
t+ 552.429s WRITE   ab 01 02 00 00 00 00 00 00 00 00 00 00 00 00 00 00 00 00 a8
t+ 552.491s NOTIFY  ab 00 01 00 04 01 02 01 00 00 00 00 00 00 00 00 00 00 00 ac
t+ 552.497s WRITE   ab 01 04 00 00 00 00 00 00 00 00 00 00 00 00 00 00 00 00 ae
t+ 553.160s WRITE   aa 01 00 00 00 00 00 00 00 00 00 00 00 00 00 00 00 00 00 ab
t+ 553.191s NOTIFY  ab 00 09 00 0a 01 04 31 37 38 33 31 34 38 38 30 33 37 39 a8
t+ 553.194s NOTIFY  ab 01 32 39 61 31 37 63 64 30 62 33 38 62 64 31 62 39 35 c1
t+ 553.195s NOTIFY  ab 02 62 66 33 37 38 64 32 62 38 65 66 64 66 30 32 61 33 cc
t+ 553.196s NOTIFY  ab 03 30 64 32 36 33 31 66 66 61 36 61 31 30 36 65 32 32 9e
t+ 553.202s NOTIFY  ab 04 31 37 66 66 38 30 34 64 66 30 34 39 39 62 37 36 38 c8
t+ 553.203s NOTIFY  ab 05 32 38 62 61 36 66 30 63 38 31 38 35 63 37 63 61 34 c2
t+ 553.205s NOTIFY  ab 06 66 64 30 33 37 65 30 30 37 66 33 38 32 38 63 61 62 ce
t+ 553.215s NOTIFY  ab 07 37 63 65 61 66 37 34 63 62 32 32 37 39 62 62 64 65 97
t+ 553.216s NOTIFY  ab ff 65 35 32 61 61 34 38 39 30 34 00 00 00 00 00 00 00 07
t+ 553.217s NOTIFY  aa 01 01 00 00 00 00 00 00 00 00 00 00 00 00 00 00 00 00 aa
t+ 553.226s WRITE   ab 01 05 00 00 00 00 00 00 00 00 00 00 00 00 00 00 00 00 af
t+ 553.265s NOTIFY  ab 00 02 00 04 01 05 46 31 39 31 33 30 35 36 35 46 45 37 d7
t+ 553.267s WRITE   aa 00 00 00 00 00 00 00 00 00 00 00 00 00 00 00 00 00 00 aa
t+ 553.268s NOTIFY  ab ff 34 31 41 46 00 00 00 00 00 00 00 00 00 00 00 00 00 56
t+ 553.290s NOTIFY  aa 00 00 00 00 00 00 00 00 00 00 00 00 00 00 00 00 00 00 aa
t+ 555.159s WRITE   aa 01 00 00 00 00 00 00 00 00 00 00 00 00 00 00 00 00 00 ab
t+ 555.190s NOTIFY  aa 01 01 00 00 00 00 00 00 00 00 00 00 00 00 00 00 00 00 aa
t+ 555.262s WRITE   aa 00 00 00 00 00 00 00 00 00 00 00 00 00 00 00 00 00 00 aa
t+ 555.277s NOTIFY  aa 00 00 00 00 00 00 00 00 00 00 00 00 00 00 00 00 00 00 aa
t+ 555.291s WRITE   33 42 01 00 00 00 00 00 00 00 00 00 00 00 00 00 00 00 00 70
t+ 555.315s NOTIFY  33 42 00 00 00 00 00 00 00 00 00 00 00 00 00 00 00 00 00 71
t+ 556.574s WRITE   33 42 02 01 00 00 00 00 00 00 00 00 00 00 00 00 00 00 00 72
t+ 556.590s NOTIFY  33 42 00 00 00 00 00 00 00 00 00 00 00 00 00 00 00 00 00 71
t+ 557.167s WRITE   aa 01 00 00 00 00 00 00 00 00 00 00 00 00 00 00 00 00 00 ab
t+ 557.191s NOTIFY  aa 01 01 00 00 00 00 00 00 00 00 00 00 00 00 00 00 00 00 aa
t+ 557.273s WRITE   aa 00 00 00 00 00 00 00 00 00 00 00 00 00 00 00 00 00 00 aa
t+ 557.289s WRITE   33 42 02 01 00 00 00 00 00 00 00 00 00 00 00 00 00 00 00 72
t+ 557.290s NOTIFY  aa 00 00 00 00 00 00 00 00 00 00 00 00 00 00 00 00 00 00 aa
t+ 557.315s NOTIFY  33 42 00 00 00 00 00 00 00 00 00 00 00 00 00 00 00 00 00 71
t+ 559.167s WRITE   aa 01 00 00 00 00 00 00 00 00 00 00 00 00 00 00 00 00 00 ab
t+ 559.216s NOTIFY  aa 01 01 00 00 00 00 00 00 00 00 00 00 00 00 00 00 00 00 aa
t+ 559.278s WRITE   aa 00 00 00 00 00 00 00 00 00 00 00 00 00 00 00 00 00 00 aa
t+ 559.303s NOTIFY  aa 00 00 00 00 00 00 00 00 00 00 00 00 00 00 00 00 00 00 aa
t+ 560.270s WRITE   33 42 02 02 00 00 00 00 00 00 00 00 00 00 00 00 00 00 00 71
t+ 560.292s NOTIFY  33 42 00 00 00 00 00 00 00 00 00 00 00 00 00 00 00 00 00 71
t+ 560.999s [...]   -- 1 repeat(s) of the heartbeat above elided (spanning 0.0s); pass --keep-heartbeat to see them all --
t+ 561.166s WRITE   aa 01 00 00 00 00 00 00 00 00 00 00 00 00 00 00 00 00 00 ab
t+ 561.192s NOTIFY  aa 01 01 00 00 00 00 00 00 00 00 00 00 00 00 00 00 00 00 aa
t+ 561.276s WRITE   aa 00 00 00 00 00 00 00 00 00 00 00 00 00 00 00 00 00 00 aa
t+ 561.303s NOTIFY  aa 00 00 00 00 00 00 00 00 00 00 00 00 00 00 00 00 00 00 aa
t+ 563.167s WRITE   aa 01 00 00 00 00 00 00 00 00 00 00 00 00 00 00 00 00 00 ab
t+ 563.204s NOTIFY  aa 01 01 00 00 00 00 00 00 00 00 00 00 00 00 00 00 00 00 aa
t+ 563.271s WRITE   aa 00 00 00 00 00 00 00 00 00 00 00 00 00 00 00 00 00 00 aa
t+ 563.290s NOTIFY  aa 00 00 00 00 00 00 00 00 00 00 00 00 00 00 00 00 00 00 aa
t+ 564.221s WRITE   33 42 02 01 00 00 00 00 00 00 00 00 00 00 00 00 00 00 00 72
t+ 564.241s NOTIFY  33 42 00 00 00 00 00 00 00 00 00 00 00 00 00 00 00 00 00 71
t+ 565.168s WRITE   aa 01 00 00 00 00 00 00 00 00 00 00 00 00 00 00 00 00 00 ab
t+ 565.191s NOTIFY  aa 01 01 00 00 00 00 00 00 00 00 00 00 00 00 00 00 00 00 aa
t+ 565.274s WRITE   aa 00 00 00 00 00 00 00 00 00 00 00 00 00 00 00 00 00 00 aa
t+ 565.290s NOTIFY  aa 00 00 00 00 00 00 00 00 00 00 00 00 00 00 00 00 00 00 aa
t+ 566.531s WRITE   33 42 02 02 00 00 00 00 00 00 00 00 00 00 00 00 00 00 00 71
t+ 566.565s NOTIFY  33 42 00 00 00 00 00 00 00 00 00 00 00 00 00 00 00 00 00 71
t+ 567.168s WRITE   aa 01 00 00 00 00 00 00 00 00 00 00 00 00 00 00 00 00 00 ab
t+ 567.191s NOTIFY  aa 01 01 00 00 00 00 00 00 00 00 00 00 00 00 00 00 00 00 aa
t+ 567.274s WRITE   aa 00 00 00 00 00 00 00 00 00 00 00 00 00 00 00 00 00 00 aa
t+ 567.290s NOTIFY  aa 00 00 00 00 00 00 00 00 00 00 00 00 00 00 00 00 00 00 aa
t+ 569.167s WRITE   aa 01 00 00 00 00 00 00 00 00 00 00 00 00 00 00 00 00 00 ab
t+ 569.204s NOTIFY  aa 01 01 00 00 00 00 00 00 00 00 00 00 00 00 00 00 00 00 aa
t+ 569.273s WRITE   aa 00 00 00 00 00 00 00 00 00 00 00 00 00 00 00 00 00 00 aa
t+ 569.290s NOTIFY  aa 00 00 00 00 00 00 00 00 00 00 00 00 00 00 00 00 00 00 aa
t+ 571.169s WRITE   aa 01 00 00 00 00 00 00 00 00 00 00 00 00 00 00 00 00 00 ab
t+ 571.203s NOTIFY  aa 01 01 00 00 00 00 00 00 00 00 00 00 00 00 00 00 00 00 aa
t+ 571.277s WRITE   aa 00 00 00 00 00 00 00 00 00 00 00 00 00 00 00 00 00 00 aa
t+ 571.303s NOTIFY  aa 00 00 00 00 00 00 00 00 00 00 00 00 00 00 00 00 00 00 aa
t+ 573.173s WRITE   aa 01 00 00 00 00 00 00 00 00 00 00 00 00 00 00 00 00 00 ab
t+ 573.204s NOTIFY  aa 01 01 00 00 00 00 00 00 00 00 00 00 00 00 00 00 00 00 aa
t+ 573.279s WRITE   aa 00 00 00 00 00 00 00 00 00 00 00 00 00 00 00 00 00 00 aa
t+ 573.303s NOTIFY  aa 00 00 00 00 00 00 00 00 00 00 00 00 00 00 00 00 00 00 aa
t+ 573.675s WRITE   33 42 ff 00 00 00 00 00 00 00 00 00 00 00 00 00 00 00 00 8e
t+ 573.707s NOTIFY  33 42 00 00 00 00 00 00 00 00 00 00 00 00 00 00 00 00 00 71
t+ 573.712s WRITE   33 42 00 00 00 00 00 00 00 00 00 00 00 00 00 00 00 00 00 71
t+ 573.734s NOTIFY  33 42 00 00 00 00 00 00 00 00 00 00 00 00 00 00 00 00 00 71
t+ 575.172s WRITE   aa 01 00 00 00 00 00 00 00 00 00 00 00 00 00 00 00 00 00 ab
t+ 575.243s NOTIFY  aa 01 01 00 00 00 00 00 00 00 00 00 00 00 00 00 00 00 00 aa
t+ 575.277s WRITE   aa 00 00 00 00 00 00 00 00 00 00 00 00 00 00 00 00 00 00 aa
t+ 575.303s NOTIFY  aa 00 00 00 00 00 00 00 00 00 00 00 00 00 00 00 00 00 00 aa
t+ 577.172s [...]   -- 1 repeat(s) of the heartbeat above elided (spanning 0.0s); pass --keep-heartbeat to see them all --
t+ 577.277s WRITE   aa 01 00 00 00 00 00 00 00 00 00 00 00 00 00 00 00 00 00 ab
t+ 577.303s NOTIFY  aa 01 01 00 00 00 00 00 00 00 00 00 00 00 00 00 00 00 00 aa
t+ 577.880s WRITE   33 42 01 00 00 00 00 00 00 00 00 00 00 00 00 00 00 00 00 70
t+ 577.903s NOTIFY  33 42 00 00 00 00 00 00 00 00 00 00 00 00 00 00 00 00 00 71
t+ 579.173s WRITE   aa 01 00 00 00 00 00 00 00 00 00 00 00 00 00 00 00 00 00 ab
t+ 579.191s NOTIFY  aa 01 01 00 00 00 00 00 00 00 00 00 00 00 00 00 00 00 00 aa
t+ 579.277s WRITE   aa 00 00 00 00 00 00 00 00 00 00 00 00 00 00 00 00 00 00 aa
t+ 579.306s NOTIFY  aa 00 00 00 00 00 00 00 00 00 00 00 00 00 00 00 00 00 00 aa
t+ 579.603s WRITE   33 42 02 01 00 00 00 00 00 00 00 00 00 00 00 00 00 00 00 72
t+ 579.628s NOTIFY  33 42 00 00 00 00 00 00 00 00 00 00 00 00 00 00 00 00 00 71
t+ 581.180s WRITE   aa 01 00 00 00 00 00 00 00 00 00 00 00 00 00 00 00 00 00 ab
t+ 581.216s NOTIFY  aa 01 01 00 00 00 00 00 00 00 00 00 00 00 00 00 00 00 00 aa
t+ 581.289s WRITE   aa 00 00 00 00 00 00 00 00 00 00 00 00 00 00 00 00 00 00 aa
t+ 581.316s NOTIFY  aa 00 00 00 00 00 00 00 00 00 00 00 00 00 00 00 00 00 00 aa
t+ 583.176s WRITE   aa 01 00 00 00 00 00 00 00 00 00 00 00 00 00 00 00 00 00 ab
t+ 583.179s WRITE   aa 00 00 00 00 00 00 00 00 00 00 00 00 00 00 00 00 00 00 aa
t+ 583.203s NOTIFY  aa 01 01 00 00 00 00 00 00 00 00 00 00 00 00 00 00 00 00 aa
t+ 583.203s NOTIFY  aa 00 00 00 00 00 00 00 00 00 00 00 00 00 00 00 00 00 00 aa
t+ 585.181s WRITE   aa 01 00 00 00 00 00 00 00 00 00 00 00 00 00 00 00 00 00 ab
t+ 585.216s NOTIFY  aa 01 01 00 00 00 00 00 00 00 00 00 00 00 00 00 00 00 00 aa
t+ 585.289s WRITE   aa 00 00 00 00 00 00 00 00 00 00 00 00 00 00 00 00 00 00 aa
t+ 585.316s NOTIFY  aa 00 00 00 00 00 00 00 00 00 00 00 00 00 00 00 00 00 00 aa
t+ 587.182s [...]   -- 1 repeat(s) of the heartbeat above elided (spanning 0.0s); pass --keep-heartbeat to see them all --
t+ 587.289s WRITE   aa 01 00 00 00 00 00 00 00 00 00 00 00 00 00 00 00 00 00 ab
t+ 587.316s NOTIFY  aa 01 01 00 00 00 00 00 00 00 00 00 00 00 00 00 00 00 00 aa
t+ 588.594s WRITE   33 42 ff 00 00 00 00 00 00 00 00 00 00 00 00 00 00 00 00 8e
t+ 588.619s NOTIFY  33 42 00 00 00 00 00 00 00 00 00 00 00 00 00 00 00 00 00 71
t+ 588.625s WRITE   33 42 00 00 00 00 00 00 00 00 00 00 00 00 00 00 00 00 00 71
t+ 588.643s NOTIFY  33 42 00 00 00 00 00 00 00 00 00 00 00 00 00 00 00 00 00 71
t+ 589.182s WRITE   aa 01 00 00 00 00 00 00 00 00 00 00 00 00 00 00 00 00 00 ab
t+ 589.203s NOTIFY  aa 01 01 00 00 00 00 00 00 00 00 00 00 00 00 00 00 00 00 aa
t+ 589.286s WRITE   aa 00 00 00 00 00 00 00 00 00 00 00 00 00 00 00 00 00 00 aa
t+ 589.304s NOTIFY  aa 00 00 00 00 00 00 00 00 00 00 00 00 00 00 00 00 00 00 aa
t+ 591.183s WRITE   aa 01 00 00 00 00 00 00 00 00 00 00 00 00 00 00 00 00 00 ab
t+ 591.216s NOTIFY  aa 01 01 00 00 00 00 00 00 00 00 00 00 00 00 00 00 00 00 aa
t+ 591.290s WRITE   aa 00 00 00 00 00 00 00 00 00 00 00 00 00 00 00 00 00 00 aa
t+ 591.316s NOTIFY  aa 00 00 00 00 00 00 00 00 00 00 00 00 00 00 00 00 00 00 aa
t+ 593.195s WRITE   aa 01 00 00 00 00 00 00 00 00 00 00 00 00 00 00 00 00 00 ab
t+ 593.230s NOTIFY  aa 01 01 00 00 00 00 00 00 00 00 00 00 00 00 00 00 00 00 aa
t+ 593.301s WRITE   aa 00 00 00 00 00 00 00 00 00 00 00 00 00 00 00 00 00 00 aa
t+ 593.329s NOTIFY  aa 00 00 00 00 00 00 00 00 00 00 00 00 00 00 00 00 00 00 aa
t+ 595.192s WRITE   aa 01 00 00 00 00 00 00 00 00 00 00 00 00 00 00 00 00 00 ab
t+ 595.229s NOTIFY  aa 01 01 00 00 00 00 00 00 00 00 00 00 00 00 00 00 00 00 aa
t+ 595.300s WRITE   aa 00 00 00 00 00 00 00 00 00 00 00 00 00 00 00 00 00 00 aa
t+ 595.328s NOTIFY  aa 00 00 00 00 00 00 00 00 00 00 00 00 00 00 00 00 00 00 aa
t+ 597.195s WRITE   aa 01 00 00 00 00 00 00 00 00 00 00 00 00 00 00 00 00 00 ab
t+ 597.229s NOTIFY  aa 01 01 00 00 00 00 00 00 00 00 00 00 00 00 00 00 00 00 aa
t+ 597.315s WRITE   aa 00 00 00 00 00 00 00 00 00 00 00 00 00 00 00 00 00 00 aa
t+ 597.341s NOTIFY  aa 00 00 00 00 00 00 00 00 00 00 00 00 00 00 00 00 00 00 aa
t+ 599.196s WRITE   aa 01 00 00 00 00 00 00 00 00 00 00 00 00 00 00 00 00 00 ab
t+ 599.229s NOTIFY  aa 01 01 00 00 00 00 00 00 00 00 00 00 00 00 00 00 00 00 aa
t+ 599.302s WRITE   aa 00 00 00 00 00 00 00 00 00 00 00 00 00 00 00 00 00 00 aa
t+ 599.328s NOTIFY  aa 00 00 00 00 00 00 00 00 00 00 00 00 00 00 00 00 00 00 aa
t+ 601.197s WRITE   aa 01 00 00 00 00 00 00 00 00 00 00 00 00 00 00 00 00 00 ab
t+ 601.241s NOTIFY  aa 01 01 00 00 00 00 00 00 00 00 00 00 00 00 00 00 00 00 aa
t+ 601.302s WRITE   aa 00 00 00 00 00 00 00 00 00 00 00 00 00 00 00 00 00 00 aa
t+ 601.329s NOTIFY  aa 00 00 00 00 00 00 00 00 00 00 00 00 00 00 00 00 00 00 aa
t+ 603.198s WRITE   aa 01 00 00 00 00 00 00 00 00 00 00 00 00 00 00 00 00 00 ab
t+ 603.229s NOTIFY  aa 01 01 00 00 00 00 00 00 00 00 00 00 00 00 00 00 00 00 aa
t+ 603.310s WRITE   aa 00 00 00 00 00 00 00 00 00 00 00 00 00 00 00 00 00 00 aa
t+ 603.328s NOTIFY  aa 00 00 00 00 00 00 00 00 00 00 00 00 00 00 00 00 00 00 aa
t+ 605.201s WRITE   aa 01 00 00 00 00 00 00 00 00 00 00 00 00 00 00 00 00 00 ab
t+ 605.242s NOTIFY  aa 01 01 00 00 00 00 00 00 00 00 00 00 00 00 00 00 00 00 aa
t+ 605.306s WRITE   aa 00 00 00 00 00 00 00 00 00 00 00 00 00 00 00 00 00 00 aa
t+ 605.329s NOTIFY  aa 00 00 00 00 00 00 00 00 00 00 00 00 00 00 00 00 00 00 aa
t+ 607.200s WRITE   aa 01 00 00 00 00 00 00 00 00 00 00 00 00 00 00 00 00 00 ab
t+ 607.229s NOTIFY  aa 01 01 00 00 00 00 00 00 00 00 00 00 00 00 00 00 00 00 aa
t+ 607.307s WRITE   aa 00 00 00 00 00 00 00 00 00 00 00 00 00 00 00 00 00 00 aa
t+ 607.330s NOTIFY  aa 00 00 00 00 00 00 00 00 00 00 00 00 00 00 00 00 00 00 aa
t+ 609.204s WRITE   aa 01 00 00 00 00 00 00 00 00 00 00 00 00 00 00 00 00 00 ab
t+ 609.242s NOTIFY  aa 01 01 00 00 00 00 00 00 00 00 00 00 00 00 00 00 00 00 aa
t+ 609.310s WRITE   aa 00 00 00 00 00 00 00 00 00 00 00 00 00 00 00 00 00 00 aa
t+ 609.331s NOTIFY  aa 00 00 00 00 00 00 00 00 00 00 00 00 00 00 00 00 00 00 aa
t+ 611.204s WRITE   aa 01 00 00 00 00 00 00 00 00 00 00 00 00 00 00 00 00 00 ab
t+ 611.242s NOTIFY  aa 01 01 00 00 00 00 00 00 00 00 00 00 00 00 00 00 00 00 aa
t+ 611.310s WRITE   aa 00 00 00 00 00 00 00 00 00 00 00 00 00 00 00 00 00 00 aa
t+ 611.331s NOTIFY  aa 00 00 00 00 00 00 00 00 00 00 00 00 00 00 00 00 00 00 aa
t+ 613.207s WRITE   aa 01 00 00 00 00 00 00 00 00 00 00 00 00 00 00 00 00 00 ab
t+ 613.242s NOTIFY  aa 01 01 00 00 00 00 00 00 00 00 00 00 00 00 00 00 00 00 aa
t+ 613.314s WRITE   aa 00 00 00 00 00 00 00 00 00 00 00 00 00 00 00 00 00 00 aa
t+ 613.342s NOTIFY  aa 00 00 00 00 00 00 00 00 00 00 00 00 00 00 00 00 00 00 aa
t+ 615.206s WRITE   aa 01 00 00 00 00 00 00 00 00 00 00 00 00 00 00 00 00 00 ab
t+ 615.242s NOTIFY  aa 01 01 00 00 00 00 00 00 00 00 00 00 00 00 00 00 00 00 aa
t+ 615.308s WRITE   aa 00 00 00 00 00 00 00 00 00 00 00 00 00 00 00 00 00 00 aa
t+ 615.328s NOTIFY  aa 00 00 00 00 00 00 00 00 00 00 00 00 00 00 00 00 00 00 aa
t+ 617.214s WRITE   aa 01 00 00 00 00 00 00 00 00 00 00 00 00 00 00 00 00 00 ab
t+ 617.254s NOTIFY  aa 01 01 00 00 00 00 00 00 00 00 00 00 00 00 00 00 00 00 aa
t+ 617.320s WRITE   aa 00 00 00 00 00 00 00 00 00 00 00 00 00 00 00 00 00 00 aa
t+ 617.341s NOTIFY  aa 00 00 00 00 00 00 00 00 00 00 00 00 00 00 00 00 00 00 aa
t+ 619.209s WRITE   aa 01 00 00 00 00 00 00 00 00 00 00 00 00 00 00 00 00 00 ab
t+ 619.244s NOTIFY  aa 01 01 00 00 00 00 00 00 00 00 00 00 00 00 00 00 00 00 aa
t+ 619.314s WRITE   aa 00 00 00 00 00 00 00 00 00 00 00 00 00 00 00 00 00 00 aa
t+ 619.341s NOTIFY  aa 00 00 00 00 00 00 00 00 00 00 00 00 00 00 00 00 00 00 aa
t+ 621.221s WRITE   aa 01 00 00 00 00 00 00 00 00 00 00 00 00 00 00 00 00 00 ab
t+ 621.254s NOTIFY  aa 01 01 00 00 00 00 00 00 00 00 00 00 00 00 00 00 00 00 aa
t+ 621.328s WRITE   aa 00 00 00 00 00 00 00 00 00 00 00 00 00 00 00 00 00 00 aa
t+ 621.355s NOTIFY  aa 00 00 00 00 00 00 00 00 00 00 00 00 00 00 00 00 00 00 aa
t+ 623.219s WRITE   aa 01 00 00 00 00 00 00 00 00 00 00 00 00 00 00 00 00 00 ab
t+ 623.255s NOTIFY  aa 01 01 00 00 00 00 00 00 00 00 00 00 00 00 00 00 00 00 aa
t+ 623.325s WRITE   aa 00 00 00 00 00 00 00 00 00 00 00 00 00 00 00 00 00 00 aa
t+ 623.341s NOTIFY  aa 00 00 00 00 00 00 00 00 00 00 00 00 00 00 00 00 00 00 aa
t+ 625.222s WRITE   aa 01 00 00 00 00 00 00 00 00 00 00 00 00 00 00 00 00 00 ab
t+ 625.254s NOTIFY  aa 01 01 00 00 00 00 00 00 00 00 00 00 00 00 00 00 00 00 aa
t+ 625.327s WRITE   aa 00 00 00 00 00 00 00 00 00 00 00 00 00 00 00 00 00 00 aa
t+ 625.354s NOTIFY  aa 00 00 00 00 00 00 00 00 00 00 00 00 00 00 00 00 00 00 aa
t+ 627.227s WRITE   aa 00 00 00 00 00 00 00 00 00 00 00 00 00 00 00 00 00 00 aa
t+ 627.242s WRITE   aa 01 00 00 00 00 00 00 00 00 00 00 00 00 00 00 00 00 00 ab
t+ 627.266s NOTIFY  aa 00 00 00 00 00 00 00 00 00 00 00 00 00 00 00 00 00 00 aa
t+ 627.270s NOTIFY  aa 01 01 00 00 00 00 00 00 00 00 00 00 00 00 00 00 00 00 aa
t+ 629.226s WRITE   aa 01 00 00 00 00 00 00 00 00 00 00 00 00 00 00 00 00 00 ab
t+ 629.239s WRITE   aa 00 00 00 00 00 00 00 00 00 00 00 00 00 00 00 00 00 00 aa
t+ 629.254s NOTIFY  aa 01 01 00 00 00 00 00 00 00 00 00 00 00 00 00 00 00 00 aa
t+ 629.266s NOTIFY  aa 00 00 00 00 00 00 00 00 00 00 00 00 00 00 00 00 00 00 aa
t+ 631.230s WRITE   aa 01 00 00 00 00 00 00 00 00 00 00 00 00 00 00 00 00 00 ab
t+ 631.254s NOTIFY  aa 01 01 00 00 00 00 00 00 00 00 00 00 00 00 00 00 00 00 aa
t+ 631.338s WRITE   aa 00 00 00 00 00 00 00 00 00 00 00 00 00 00 00 00 00 00 aa
t+ 631.356s NOTIFY  aa 00 00 00 00 00 00 00 00 00 00 00 00 00 00 00 00 00 00 aa
t+ 633.235s WRITE   aa 01 00 00 00 00 00 00 00 00 00 00 00 00 00 00 00 00 00 ab
t+ 633.257s WRITE   aa 00 00 00 00 00 00 00 00 00 00 00 00 00 00 00 00 00 00 aa
t+ 633.279s NOTIFY  aa 01 01 00 00 00 00 00 00 00 00 00 00 00 00 00 00 00 00 aa
t+ 633.281s NOTIFY  aa 00 00 00 00 00 00 00 00 00 00 00 00 00 00 00 00 00 00 aa
t+ 635.235s WRITE   aa 01 00 00 00 00 00 00 00 00 00 00 00 00 00 00 00 00 00 ab
t+ 635.267s NOTIFY  aa 01 01 00 00 00 00 00 00 00 00 00 00 00 00 00 00 00 00 aa
t+ 635.344s WRITE   aa 00 00 00 00 00 00 00 00 00 00 00 00 00 00 00 00 00 00 aa
t+ 635.379s NOTIFY  aa 00 00 00 00 00 00 00 00 00 00 00 00 00 00 00 00 00 00 aa
t+ 637.240s WRITE   aa 01 00 00 00 00 00 00 00 00 00 00 00 00 00 00 00 00 00 ab
t+ 637.279s NOTIFY  aa 01 01 00 00 00 00 00 00 00 00 00 00 00 00 00 00 00 00 aa
t+ 637.351s WRITE   aa 00 00 00 00 00 00 00 00 00 00 00 00 00 00 00 00 00 00 aa
t+ 637.380s NOTIFY  aa 00 00 00 00 00 00 00 00 00 00 00 00 00 00 00 00 00 00 aa
t+ 639.242s WRITE   aa 01 00 00 00 00 00 00 00 00 00 00 00 00 00 00 00 00 00 ab
t+ 639.284s NOTIFY  aa 01 01 00 00 00 00 00 00 00 00 00 00 00 00 00 00 00 00 aa
t+ 639.352s WRITE   aa 00 00 00 00 00 00 00 00 00 00 00 00 00 00 00 00 00 00 aa
t+ 639.379s NOTIFY  aa 00 00 00 00 00 00 00 00 00 00 00 00 00 00 00 00 00 00 aa
t+ 641.247s WRITE   aa 01 00 00 00 00 00 00 00 00 00 00 00 00 00 00 00 00 00 ab
t+ 641.263s WRITE   aa 00 00 00 00 00 00 00 00 00 00 00 00 00 00 00 00 00 00 aa
t+ 641.279s NOTIFY  aa 01 01 00 00 00 00 00 00 00 00 00 00 00 00 00 00 00 00 aa
t+ 641.280s NOTIFY  aa 00 00 00 00 00 00 00 00 00 00 00 00 00 00 00 00 00 00 aa
t+ 643.250s WRITE   aa 01 00 00 00 00 00 00 00 00 00 00 00 00 00 00 00 00 00 ab
t+ 643.279s NOTIFY  aa 01 01 00 00 00 00 00 00 00 00 00 00 00 00 00 00 00 00 aa
t+ 643.353s WRITE   aa 00 00 00 00 00 00 00 00 00 00 00 00 00 00 00 00 00 00 aa
t+ 643.379s NOTIFY  aa 00 00 00 00 00 00 00 00 00 00 00 00 00 00 00 00 00 00 aa
t+ 645.248s WRITE   aa 01 00 00 00 00 00 00 00 00 00 00 00 00 00 00 00 00 00 ab
t+ 645.260s WRITE   aa 00 00 00 00 00 00 00 00 00 00 00 00 00 00 00 00 00 00 aa
t+ 645.279s NOTIFY  aa 01 01 00 00 00 00 00 00 00 00 00 00 00 00 00 00 00 00 aa
t+ 645.279s NOTIFY  aa 00 00 00 00 00 00 00 00 00 00 00 00 00 00 00 00 00 00 aa
t+ 647.252s WRITE   aa 01 00 00 00 00 00 00 00 00 00 00 00 00 00 00 00 00 00 ab
t+ 647.292s NOTIFY  aa 01 01 00 00 00 00 00 00 00 00 00 00 00 00 00 00 00 00 aa
t+ 647.363s WRITE   aa 00 00 00 00 00 00 00 00 00 00 00 00 00 00 00 00 00 00 aa
t+ 647.379s NOTIFY  aa 00 00 00 00 00 00 00 00 00 00 00 00 00 00 00 00 00 00 aa
t+ 649.255s WRITE   aa 01 00 00 00 00 00 00 00 00 00 00 00 00 00 00 00 00 00 ab
t+ 649.292s NOTIFY  aa 01 01 00 00 00 00 00 00 00 00 00 00 00 00 00 00 00 00 aa
t+ 649.360s WRITE   aa 00 00 00 00 00 00 00 00 00 00 00 00 00 00 00 00 00 00 aa
t+ 649.379s NOTIFY  aa 00 00 00 00 00 00 00 00 00 00 00 00 00 00 00 00 00 00 aa
t+ 651.257s WRITE   aa 01 00 00 00 00 00 00 00 00 00 00 00 00 00 00 00 00 00 ab
t+ 651.292s NOTIFY  aa 01 01 00 00 00 00 00 00 00 00 00 00 00 00 00 00 00 00 aa
t+ 651.367s WRITE   aa 00 00 00 00 00 00 00 00 00 00 00 00 00 00 00 00 00 00 aa
t+ 651.392s NOTIFY  aa 00 00 00 00 00 00 00 00 00 00 00 00 00 00 00 00 00 00 aa
t+ 653.258s WRITE   aa 01 00 00 00 00 00 00 00 00 00 00 00 00 00 00 00 00 00 ab
t+ 653.293s NOTIFY  aa 01 01 00 00 00 00 00 00 00 00 00 00 00 00 00 00 00 00 aa
t+ 653.364s WRITE   aa 00 00 00 00 00 00 00 00 00 00 00 00 00 00 00 00 00 00 aa
t+ 653.404s NOTIFY  aa 00 00 00 00 00 00 00 00 00 00 00 00 00 00 00 00 00 00 aa
t+ 655.256s WRITE   aa 01 00 00 00 00 00 00 00 00 00 00 00 00 00 00 00 00 00 ab
t+ 655.270s WRITE   aa 00 00 00 00 00 00 00 00 00 00 00 00 00 00 00 00 00 00 aa
t+ 655.292s NOTIFY  aa 01 01 00 00 00 00 00 00 00 00 00 00 00 00 00 00 00 00 aa
t+ 655.294s NOTIFY  aa 00 00 00 00 00 00 00 00 00 00 00 00 00 00 00 00 00 00 aa
t+ 657.263s WRITE   aa 01 00 00 00 00 00 00 00 00 00 00 00 00 00 00 00 00 00 ab
t+ 657.279s WRITE   aa 00 00 00 00 00 00 00 00 00 00 00 00 00 00 00 00 00 00 aa
t+ 657.304s NOTIFY  aa 01 01 00 00 00 00 00 00 00 00 00 00 00 00 00 00 00 00 aa
t+ 657.309s NOTIFY  aa 00 00 00 00 00 00 00 00 00 00 00 00 00 00 00 00 00 00 aa
t+ 659.263s WRITE   aa 01 00 00 00 00 00 00 00 00 00 00 00 00 00 00 00 00 00 ab
t+ 659.295s NOTIFY  aa 01 01 00 00 00 00 00 00 00 00 00 00 00 00 00 00 00 00 aa
t+ 659.369s WRITE   aa 00 00 00 00 00 00 00 00 00 00 00 00 00 00 00 00 00 00 aa
t+ 659.392s NOTIFY  aa 00 00 00 00 00 00 00 00 00 00 00 00 00 00 00 00 00 00 aa
t+ 661.271s WRITE   aa 01 00 00 00 00 00 00 00 00 00 00 00 00 00 00 00 00 00 ab
t+ 661.305s NOTIFY  aa 01 01 00 00 00 00 00 00 00 00 00 00 00 00 00 00 00 00 aa
t+ 661.379s WRITE   aa 00 00 00 00 00 00 00 00 00 00 00 00 00 00 00 00 00 00 aa
t+ 661.405s NOTIFY  aa 00 00 00 00 00 00 00 00 00 00 00 00 00 00 00 00 00 00 aa
t+ 663.269s WRITE   aa 01 00 00 00 00 00 00 00 00 00 00 00 00 00 00 00 00 00 ab
t+ 663.284s WRITE   aa 00 00 00 00 00 00 00 00 00 00 00 00 00 00 00 00 00 00 aa
t+ 663.305s NOTIFY  aa 01 01 00 00 00 00 00 00 00 00 00 00 00 00 00 00 00 00 aa
t+ 663.310s NOTIFY  aa 00 00 00 00 00 00 00 00 00 00 00 00 00 00 00 00 00 00 aa
t+ 665.276s WRITE   aa 01 00 00 00 00 00 00 00 00 00 00 00 00 00 00 00 00 00 ab
t+ 665.305s NOTIFY  aa 01 01 00 00 00 00 00 00 00 00 00 00 00 00 00 00 00 00 aa
t+ 665.383s WRITE   aa 00 00 00 00 00 00 00 00 00 00 00 00 00 00 00 00 00 00 aa
t+ 665.405s NOTIFY  aa 00 00 00 00 00 00 00 00 00 00 00 00 00 00 00 00 00 00 aa
t+ 667.275s [...]   -- 1 repeat(s) of the heartbeat above elided (spanning 0.0s); pass --keep-heartbeat to see them all --
t+ 667.380s WRITE   aa 01 00 00 00 00 00 00 00 00 00 00 00 00 00 00 00 00 00 ab
t+ 667.404s NOTIFY  aa 01 01 00 00 00 00 00 00 00 00 00 00 00 00 00 00 00 00 aa
t+ 669.279s [...]   -- 1 repeat(s) of the heartbeat above elided (spanning 0.0s); pass --keep-heartbeat to see them all --
t+ 669.398s WRITE   aa 00 00 00 00 00 00 00 00 00 00 00 00 00 00 00 00 00 00 aa
t+ 669.420s NOTIFY  aa 00 00 00 00 00 00 00 00 00 00 00 00 00 00 00 00 00 00 aa
t+ 671.277s WRITE   aa 01 00 00 00 00 00 00 00 00 00 00 00 00 00 00 00 00 00 ab
t+ 671.317s NOTIFY  aa 01 01 00 00 00 00 00 00 00 00 00 00 00 00 00 00 00 00 aa
t+ 671.392s WRITE   aa 00 00 00 00 00 00 00 00 00 00 00 00 00 00 00 00 00 00 aa
t+ 671.417s NOTIFY  aa 00 00 00 00 00 00 00 00 00 00 00 00 00 00 00 00 00 00 aa
t+ 673.284s WRITE   aa 01 00 00 00 00 00 00 00 00 00 00 00 00 00 00 00 00 00 ab
t+ 673.297s WRITE   aa 00 00 00 00 00 00 00 00 00 00 00 00 00 00 00 00 00 00 aa
t+ 673.317s NOTIFY  aa 01 01 00 00 00 00 00 00 00 00 00 00 00 00 00 00 00 00 aa
t+ 673.318s NOTIFY  aa 00 00 00 00 00 00 00 00 00 00 00 00 00 00 00 00 00 00 aa
t+ 675.292s WRITE   aa 01 00 00 00 00 00 00 00 00 00 00 00 00 00 00 00 00 00 ab
t+ 675.318s NOTIFY  aa 01 01 00 00 00 00 00 00 00 00 00 00 00 00 00 00 00 00 aa
t+ 675.400s WRITE   aa 00 00 00 00 00 00 00 00 00 00 00 00 00 00 00 00 00 00 aa
t+ 675.417s NOTIFY  aa 00 00 00 00 00 00 00 00 00 00 00 00 00 00 00 00 00 00 aa
t+ 677.284s WRITE   aa 01 00 00 00 00 00 00 00 00 00 00 00 00 00 00 00 00 00 ab
t+ 677.317s NOTIFY  aa 01 01 00 00 00 00 00 00 00 00 00 00 00 00 00 00 00 00 aa
t+ 677.390s WRITE   aa 00 00 00 00 00 00 00 00 00 00 00 00 00 00 00 00 00 00 aa
t+ 677.417s NOTIFY  aa 00 00 00 00 00 00 00 00 00 00 00 00 00 00 00 00 00 00 aa
t+ 679.294s WRITE   aa 01 00 00 00 00 00 00 00 00 00 00 00 00 00 00 00 00 00 ab
t+ 679.330s NOTIFY  aa 01 01 00 00 00 00 00 00 00 00 00 00 00 00 00 00 00 00 aa
t+ 679.403s WRITE   aa 00 00 00 00 00 00 00 00 00 00 00 00 00 00 00 00 00 00 aa
t+ 679.429s NOTIFY  aa 00 00 00 00 00 00 00 00 00 00 00 00 00 00 00 00 00 00 aa
t+ 681.292s WRITE   aa 01 00 00 00 00 00 00 00 00 00 00 00 00 00 00 00 00 00 ab
t+ 681.331s NOTIFY  aa 01 01 00 00 00 00 00 00 00 00 00 00 00 00 00 00 00 00 aa
t+ 681.398s WRITE   aa 00 00 00 00 00 00 00 00 00 00 00 00 00 00 00 00 00 00 aa
t+ 681.417s NOTIFY  aa 00 00 00 00 00 00 00 00 00 00 00 00 00 00 00 00 00 00 aa
t+ 683.289s [...]   -- 1 repeat(s) of the heartbeat above elided (spanning 0.0s); pass --keep-heartbeat to see them all --
t+ 683.404s WRITE   aa 01 00 00 00 00 00 00 00 00 00 00 00 00 00 00 00 00 00 ab
t+ 683.443s NOTIFY  aa 01 01 00 00 00 00 00 00 00 00 00 00 00 00 00 00 00 00 aa
t+ 685.289s WRITE   aa 00 00 00 00 00 00 00 00 00 00 00 00 00 00 00 00 00 00 aa
t+ 685.331s NOTIFY  aa 00 00 00 00 00 00 00 00 00 00 00 00 00 00 00 00 00 00 aa
t+ 685.400s WRITE   aa 01 00 00 00 00 00 00 00 00 00 00 00 00 00 00 00 00 00 ab
t+ 685.417s NOTIFY  aa 01 01 00 00 00 00 00 00 00 00 00 00 00 00 00 00 00 00 aa
t+ 687.292s WRITE   aa 01 00 00 00 00 00 00 00 00 00 00 00 00 00 00 00 00 00 ab
t+ 687.304s WRITE   aa 00 00 00 00 00 00 00 00 00 00 00 00 00 00 00 00 00 00 aa
t+ 687.330s NOTIFY  aa 01 01 00 00 00 00 00 00 00 00 00 00 00 00 00 00 00 00 aa
t+ 687.330s NOTIFY  aa 00 00 00 00 00 00 00 00 00 00 00 00 00 00 00 00 00 00 aa
t+ 689.293s WRITE   aa 01 00 00 00 00 00 00 00 00 00 00 00 00 00 00 00 00 00 ab
t+ 689.330s NOTIFY  aa 01 01 00 00 00 00 00 00 00 00 00 00 00 00 00 00 00 00 aa
t+ 689.398s WRITE   aa 00 00 00 00 00 00 00 00 00 00 00 00 00 00 00 00 00 00 aa
t+ 689.417s NOTIFY  aa 00 00 00 00 00 00 00 00 00 00 00 00 00 00 00 00 00 00 aa
t+ 691.300s WRITE   aa 01 00 00 00 00 00 00 00 00 00 00 00 00 00 00 00 00 00 ab
t+ 691.319s WRITE   aa 00 00 00 00 00 00 00 00 00 00 00 00 00 00 00 00 00 00 aa
t+ 691.343s NOTIFY  aa 01 01 00 00 00 00 00 00 00 00 00 00 00 00 00 00 00 00 aa
t+ 691.344s NOTIFY  aa 00 00 00 00 00 00 00 00 00 00 00 00 00 00 00 00 00 00 aa
t+ 693.301s WRITE   aa 01 00 00 00 00 00 00 00 00 00 00 00 00 00 00 00 00 00 ab
t+ 693.343s NOTIFY  aa 01 01 00 00 00 00 00 00 00 00 00 00 00 00 00 00 00 00 aa
t+ 693.413s WRITE   aa 00 00 00 00 00 00 00 00 00 00 00 00 00 00 00 00 00 00 aa
t+ 693.437s NOTIFY  aa 00 00 00 00 00 00 00 00 00 00 00 00 00 00 00 00 00 00 aa
t+ 695.308s WRITE   aa 01 00 00 00 00 00 00 00 00 00 00 00 00 00 00 00 00 00 ab
t+ 695.344s NOTIFY  aa 01 01 00 00 00 00 00 00 00 00 00 00 00 00 00 00 00 00 aa
t+ 695.415s WRITE   aa 00 00 00 00 00 00 00 00 00 00 00 00 00 00 00 00 00 00 aa
t+ 695.448s NOTIFY  aa 00 00 00 00 00 00 00 00 00 00 00 00 00 00 00 00 00 00 aa
t+ 697.317s [...]   -- 1 repeat(s) of the heartbeat above elided (spanning 0.1s); pass --keep-heartbeat to see them all --
t+ 697.428s WRITE   aa 01 00 00 00 00 00 00 00 00 00 00 00 00 00 00 00 00 00 ab
t+ 697.457s NOTIFY  aa 01 01 00 00 00 00 00 00 00 00 00 00 00 00 00 00 00 00 aa
t+ 699.321s WRITE   aa 01 00 00 00 00 00 00 00 00 00 00 00 00 00 00 00 00 00 ab
t+ 699.340s WRITE   aa 00 00 00 00 00 00 00 00 00 00 00 00 00 00 00 00 00 00 aa
t+ 699.356s NOTIFY  aa 01 01 00 00 00 00 00 00 00 00 00 00 00 00 00 00 00 00 aa
t+ 699.368s NOTIFY  aa 00 00 00 00 00 00 00 00 00 00 00 00 00 00 00 00 00 00 aa
t+ 701.326s WRITE   aa 01 00 00 00 00 00 00 00 00 00 00 00 00 00 00 00 00 00 ab
t+ 701.344s WRITE   aa 00 00 00 00 00 00 00 00 00 00 00 00 00 00 00 00 00 00 aa
t+ 701.368s NOTIFY  aa 01 01 00 00 00 00 00 00 00 00 00 00 00 00 00 00 00 00 aa
t+ 701.370s NOTIFY  aa 00 00 00 00 00 00 00 00 00 00 00 00 00 00 00 00 00 00 aa
t+ 703.328s WRITE   aa 00 00 00 00 00 00 00 00 00 00 00 00 00 00 00 00 00 00 aa
t+ 703.370s NOTIFY  aa 00 00 00 00 00 00 00 00 00 00 00 00 00 00 00 00 00 00 aa
t+ 703.439s WRITE   aa 01 00 00 00 00 00 00 00 00 00 00 00 00 00 00 00 00 00 ab
t+ 703.456s NOTIFY  aa 01 01 00 00 00 00 00 00 00 00 00 00 00 00 00 00 00 00 aa
t+ 705.329s WRITE   aa 01 00 00 00 00 00 00 00 00 00 00 00 00 00 00 00 00 00 ab
t+ 705.344s WRITE   aa 00 00 00 00 00 00 00 00 00 00 00 00 00 00 00 00 00 00 aa
t+ 705.368s NOTIFY  aa 01 01 00 00 00 00 00 00 00 00 00 00 00 00 00 00 00 00 aa
t+ 705.369s NOTIFY  aa 00 00 00 00 00 00 00 00 00 00 00 00 00 00 00 00 00 00 aa
t+ 707.336s WRITE   aa 01 00 00 00 00 00 00 00 00 00 00 00 00 00 00 00 00 00 ab
t+ 707.352s WRITE   aa 00 00 00 00 00 00 00 00 00 00 00 00 00 00 00 00 00 00 aa
t+ 707.369s NOTIFY  aa 01 01 00 00 00 00 00 00 00 00 00 00 00 00 00 00 00 00 aa
t+ 707.370s NOTIFY  aa 00 00 00 00 00 00 00 00 00 00 00 00 00 00 00 00 00 00 aa
t+ 709.342s WRITE   aa 01 00 00 00 00 00 00 00 00 00 00 00 00 00 00 00 00 00 ab
t+ 709.360s WRITE   aa 00 00 00 00 00 00 00 00 00 00 00 00 00 00 00 00 00 00 aa
t+ 709.382s NOTIFY  aa 01 01 00 00 00 00 00 00 00 00 00 00 00 00 00 00 00 00 aa
t+ 709.384s NOTIFY  aa 00 00 00 00 00 00 00 00 00 00 00 00 00 00 00 00 00 00 aa
t+ 711.339s WRITE   aa 01 00 00 00 00 00 00 00 00 00 00 00 00 00 00 00 00 00 ab
t+ 711.370s NOTIFY  aa 01 01 00 00 00 00 00 00 00 00 00 00 00 00 00 00 00 00 aa
t+ 711.447s WRITE   aa 00 00 00 00 00 00 00 00 00 00 00 00 00 00 00 00 00 00 aa
t+ 711.468s NOTIFY  aa 00 00 00 00 00 00 00 00 00 00 00 00 00 00 00 00 00 00 aa
t+ 713.346s WRITE   aa 01 00 00 00 00 00 00 00 00 00 00 00 00 00 00 00 00 00 ab
t+ 713.383s NOTIFY  aa 01 01 00 00 00 00 00 00 00 00 00 00 00 00 00 00 00 00 aa
t+ 713.455s WRITE   aa 00 00 00 00 00 00 00 00 00 00 00 00 00 00 00 00 00 00 aa
t+ 713.483s NOTIFY  aa 00 00 00 00 00 00 00 00 00 00 00 00 00 00 00 00 00 00 aa
t+ 715.344s WRITE   aa 01 00 00 00 00 00 00 00 00 00 00 00 00 00 00 00 00 00 ab
t+ 715.381s NOTIFY  aa 01 01 00 00 00 00 00 00 00 00 00 00 00 00 00 00 00 00 aa
t+ 715.451s WRITE   aa 00 00 00 00 00 00 00 00 00 00 00 00 00 00 00 00 00 00 aa
t+ 715.468s NOTIFY  aa 00 00 00 00 00 00 00 00 00 00 00 00 00 00 00 00 00 00 aa
t+ 717.344s WRITE   aa 01 00 00 00 00 00 00 00 00 00 00 00 00 00 00 00 00 00 ab
t+ 717.356s WRITE   aa 00 00 00 00 00 00 00 00 00 00 00 00 00 00 00 00 00 00 aa
t+ 717.386s NOTIFY  aa 01 01 00 00 00 00 00 00 00 00 00 00 00 00 00 00 00 00 aa
t+ 717.386s NOTIFY  aa 00 00 00 00 00 00 00 00 00 00 00 00 00 00 00 00 00 00 aa
t+ 719.355s WRITE   aa 01 00 00 00 00 00 00 00 00 00 00 00 00 00 00 00 00 00 ab
t+ 719.393s NOTIFY  aa 01 01 00 00 00 00 00 00 00 00 00 00 00 00 00 00 00 00 aa
t+ 719.461s WRITE   aa 00 00 00 00 00 00 00 00 00 00 00 00 00 00 00 00 00 00 aa
t+ 719.481s NOTIFY  aa 00 00 00 00 00 00 00 00 00 00 00 00 00 00 00 00 00 00 aa
t+ 721.374s WRITE   aa 01 00 00 00 00 00 00 00 00 00 00 00 00 00 00 00 00 00 ab
t+ 721.408s NOTIFY  aa 01 01 00 00 00 00 00 00 00 00 00 00 00 00 00 00 00 00 aa
t+ 721.483s WRITE   aa 00 00 00 00 00 00 00 00 00 00 00 00 00 00 00 00 00 00 aa
t+ 721.506s NOTIFY  aa 00 00 00 00 00 00 00 00 00 00 00 00 00 00 00 00 00 00 aa
t+ 723.370s WRITE   aa 01 00 00 00 00 00 00 00 00 00 00 00 00 00 00 00 00 00 ab
t+ 723.406s NOTIFY  aa 01 01 00 00 00 00 00 00 00 00 00 00 00 00 00 00 00 00 aa
t+ 723.480s WRITE   aa 00 00 00 00 00 00 00 00 00 00 00 00 00 00 00 00 00 00 aa
t+ 723.506s NOTIFY  aa 00 00 00 00 00 00 00 00 00 00 00 00 00 00 00 00 00 00 aa
t+ 725.354s WRITE   aa 01 00 00 00 00 00 00 00 00 00 00 00 00 00 00 00 00 00 ab
t+ 725.382s NOTIFY  aa 01 01 00 00 00 00 00 00 00 00 00 00 00 00 00 00 00 00 aa
t+ 725.459s WRITE   aa 00 00 00 00 00 00 00 00 00 00 00 00 00 00 00 00 00 00 aa
t+ 725.480s NOTIFY  aa 00 00 00 00 00 00 00 00 00 00 00 00 00 00 00 00 00 00 aa
t+ 727.356s WRITE   aa 01 00 00 00 00 00 00 00 00 00 00 00 00 00 00 00 00 00 ab
t+ 727.367s WRITE   aa 00 00 00 00 00 00 00 00 00 00 00 00 00 00 00 00 00 00 aa
t+ 727.393s NOTIFY  aa 01 01 00 00 00 00 00 00 00 00 00 00 00 00 00 00 00 00 aa
t+ 727.394s NOTIFY  aa 00 00 00 00 00 00 00 00 00 00 00 00 00 00 00 00 00 00 aa
t+ 729.361s WRITE   aa 00 00 00 00 00 00 00 00 00 00 00 00 00 00 00 00 00 00 aa
t+ 729.375s WRITE   aa 01 00 00 00 00 00 00 00 00 00 00 00 00 00 00 00 00 00 ab
t+ 729.419s NOTIFY  aa 00 00 00 00 00 00 00 00 00 00 00 00 00 00 00 00 00 00 aa
t+ 729.420s NOTIFY  aa 01 01 00 00 00 00 00 00 00 00 00 00 00 00 00 00 00 00 aa
t+ 731.359s WRITE   aa 01 00 00 00 00 00 00 00 00 00 00 00 00 00 00 00 00 00 ab
t+ 731.371s WRITE   aa 00 00 00 00 00 00 00 00 00 00 00 00 00 00 00 00 00 00 aa
t+ 731.393s NOTIFY  aa 01 01 00 00 00 00 00 00 00 00 00 00 00 00 00 00 00 00 aa
t+ 731.406s NOTIFY  aa 00 00 00 00 00 00 00 00 00 00 00 00 00 00 00 00 00 00 aa
t+ 733.362s WRITE   aa 01 00 00 00 00 00 00 00 00 00 00 00 00 00 00 00 00 00 ab
t+ 733.394s NOTIFY  aa 01 01 00 00 00 00 00 00 00 00 00 00 00 00 00 00 00 00 aa
t+ 733.474s WRITE   aa 00 00 00 00 00 00 00 00 00 00 00 00 00 00 00 00 00 00 aa
t+ 733.493s NOTIFY  aa 00 00 00 00 00 00 00 00 00 00 00 00 00 00 00 00 00 00 aa
t+ 735.369s WRITE   aa 01 00 00 00 00 00 00 00 00 00 00 00 00 00 00 00 00 00 ab
t+ 735.407s NOTIFY  aa 01 01 00 00 00 00 00 00 00 00 00 00 00 00 00 00 00 00 aa
t+ 735.476s WRITE   aa 00 00 00 00 00 00 00 00 00 00 00 00 00 00 00 00 00 00 aa
t+ 735.493s NOTIFY  aa 00 00 00 00 00 00 00 00 00 00 00 00 00 00 00 00 00 00 aa
t+ 737.369s WRITE   aa 01 00 00 00 00 00 00 00 00 00 00 00 00 00 00 00 00 00 ab
t+ 737.394s NOTIFY  aa 01 01 00 00 00 00 00 00 00 00 00 00 00 00 00 00 00 00 aa
t+ 737.474s WRITE   aa 00 00 00 00 00 00 00 00 00 00 00 00 00 00 00 00 00 00 aa
t+ 737.493s NOTIFY  aa 00 00 00 00 00 00 00 00 00 00 00 00 00 00 00 00 00 00 aa
t+ 739.380s [...]   -- 1 repeat(s) of the heartbeat above elided (spanning 0.0s); pass --keep-heartbeat to see them all --
t+ 739.488s WRITE   aa 01 00 00 00 00 00 00 00 00 00 00 00 00 00 00 00 00 00 ab
t+ 739.506s NOTIFY  aa 01 01 00 00 00 00 00 00 00 00 00 00 00 00 00 00 00 00 aa
t+ 741.378s [...]   -- 1 repeat(s) of the heartbeat above elided (spanning 0.0s); pass --keep-heartbeat to see them all --
t+ 741.483s WRITE   aa 00 00 00 00 00 00 00 00 00 00 00 00 00 00 00 00 00 00 aa
t+ 741.506s NOTIFY  aa 00 00 00 00 00 00 00 00 00 00 00 00 00 00 00 00 00 00 aa
t+ 743.389s WRITE   aa 01 00 00 00 00 00 00 00 00 00 00 00 00 00 00 00 00 00 ab
t+ 743.433s NOTIFY  aa 01 01 00 00 00 00 00 00 00 00 00 00 00 00 00 00 00 00 aa
t+ 743.500s WRITE   aa 00 00 00 00 00 00 00 00 00 00 00 00 00 00 00 00 00 00 aa
t+ 743.520s NOTIFY  aa 00 00 00 00 00 00 00 00 00 00 00 00 00 00 00 00 00 00 aa
t+ 745.392s WRITE   aa 01 00 00 00 00 00 00 00 00 00 00 00 00 00 00 00 00 00 ab
t+ 745.433s NOTIFY  aa 01 01 00 00 00 00 00 00 00 00 00 00 00 00 00 00 00 00 aa
t+ 745.503s WRITE   aa 00 00 00 00 00 00 00 00 00 00 00 00 00 00 00 00 00 00 aa
t+ 745.534s NOTIFY  aa 00 00 00 00 00 00 00 00 00 00 00 00 00 00 00 00 00 00 aa
t+ 747.389s WRITE   aa 01 00 00 00 00 00 00 00 00 00 00 00 00 00 00 00 00 00 ab
t+ 747.433s NOTIFY  aa 01 01 00 00 00 00 00 00 00 00 00 00 00 00 00 00 00 00 aa
t+ 747.497s WRITE   aa 00 00 00 00 00 00 00 00 00 00 00 00 00 00 00 00 00 00 aa
t+ 747.520s NOTIFY  aa 00 00 00 00 00 00 00 00 00 00 00 00 00 00 00 00 00 00 aa
t+ 749.387s WRITE   aa 01 00 00 00 00 00 00 00 00 00 00 00 00 00 00 00 00 00 ab
t+ 749.405s WRITE   aa 00 00 00 00 00 00 00 00 00 00 00 00 00 00 00 00 00 00 aa
t+ 749.431s NOTIFY  aa 01 01 00 00 00 00 00 00 00 00 00 00 00 00 00 00 00 00 aa
t+ 749.431s NOTIFY  aa 00 00 00 00 00 00 00 00 00 00 00 00 00 00 00 00 00 00 aa
t+ 751.388s WRITE   aa 00 00 00 00 00 00 00 00 00 00 00 00 00 00 00 00 00 00 aa
t+ 751.408s NOTIFY  aa 00 00 00 00 00 00 00 00 00 00 00 00 00 00 00 00 00 00 aa
t+ 751.498s WRITE   aa 01 00 00 00 00 00 00 00 00 00 00 00 00 00 00 00 00 00 ab
t+ 751.531s NOTIFY  aa 01 01 00 00 00 00 00 00 00 00 00 00 00 00 00 00 00 00 aa
t+ 753.390s [...]   -- 1 repeat(s) of the heartbeat above elided (spanning 0.0s); pass --keep-heartbeat to see them all --
t+ 753.496s WRITE   aa 00 00 00 00 00 00 00 00 00 00 00 00 00 00 00 00 00 00 aa
t+ 753.519s NOTIFY  aa 00 00 00 00 00 00 00 00 00 00 00 00 00 00 00 00 00 00 aa
t+ 755.392s WRITE   aa 00 00 00 00 00 00 00 00 00 00 00 00 00 00 00 00 00 00 aa
t+ 755.405s WRITE   aa 01 00 00 00 00 00 00 00 00 00 00 00 00 00 00 00 00 00 ab
t+ 755.431s NOTIFY  aa 00 00 00 00 00 00 00 00 00 00 00 00 00 00 00 00 00 00 aa
t+ 755.432s NOTIFY  aa 01 01 00 00 00 00 00 00 00 00 00 00 00 00 00 00 00 00 aa
t+ 757.422s WRITE   aa 01 00 00 00 00 00 00 00 00 00 00 00 00 00 00 00 00 00 ab
t+ 757.457s NOTIFY  aa 01 01 00 00 00 00 00 00 00 00 00 00 00 00 00 00 00 00 aa
t+ 757.528s WRITE   aa 00 00 00 00 00 00 00 00 00 00 00 00 00 00 00 00 00 00 aa
t+ 757.543s NOTIFY  aa 00 00 00 00 00 00 00 00 00 00 00 00 00 00 00 00 00 00 aa
t+ 759.458s WRITE   aa 01 00 00 00 00 00 00 00 00 00 00 00 00 00 00 00 00 00 ab
t+ 759.494s NOTIFY  aa 01 01 00 00 00 00 00 00 00 00 00 00 00 00 00 00 00 00 aa
t+ 759.565s WRITE   aa 00 00 00 00 00 00 00 00 00 00 00 00 00 00 00 00 00 00 aa
t+ 759.581s NOTIFY  aa 00 00 00 00 00 00 00 00 00 00 00 00 00 00 00 00 00 00 aa
t+ 761.422s WRITE   aa 01 00 00 00 00 00 00 00 00 00 00 00 00 00 00 00 00 00 ab
t+ 761.457s NOTIFY  aa 01 01 00 00 00 00 00 00 00 00 00 00 00 00 00 00 00 00 aa
t+ 761.527s WRITE   aa 00 00 00 00 00 00 00 00 00 00 00 00 00 00 00 00 00 00 aa
t+ 761.544s NOTIFY  aa 00 00 00 00 00 00 00 00 00 00 00 00 00 00 00 00 00 00 aa
t+ 763.424s WRITE   aa 01 00 00 00 00 00 00 00 00 00 00 00 00 00 00 00 00 00 ab
t+ 763.458s NOTIFY  aa 01 01 00 00 00 00 00 00 00 00 00 00 00 00 00 00 00 00 aa
t+ 763.542s WRITE   aa 00 00 00 00 00 00 00 00 00 00 00 00 00 00 00 00 00 00 aa
t+ 763.569s NOTIFY  aa 00 00 00 00 00 00 00 00 00 00 00 00 00 00 00 00 00 00 aa
t+ 765.426s WRITE   aa 00 00 00 00 00 00 00 00 00 00 00 00 00 00 00 00 00 00 aa
t+ 765.439s WRITE   aa 01 00 00 00 00 00 00 00 00 00 00 00 00 00 00 00 00 00 ab
t+ 765.461s NOTIFY  aa 00 00 00 00 00 00 00 00 00 00 00 00 00 00 00 00 00 00 aa
t+ 765.461s NOTIFY  aa 01 01 00 00 00 00 00 00 00 00 00 00 00 00 00 00 00 00 aa
t+ 767.428s WRITE   aa 00 00 00 00 00 00 00 00 00 00 00 00 00 00 00 00 00 00 aa
t+ 767.459s NOTIFY  aa 00 00 00 00 00 00 00 00 00 00 00 00 00 00 00 00 00 00 aa
t+ 767.540s WRITE   aa 01 00 00 00 00 00 00 00 00 00 00 00 00 00 00 00 00 00 ab
t+ 767.556s NOTIFY  aa 01 01 00 00 00 00 00 00 00 00 00 00 00 00 00 00 00 00 aa
t+ 769.433s [...]   -- 1 repeat(s) of the heartbeat above elided (spanning 0.0s); pass --keep-heartbeat to see them all --
t+ 769.546s WRITE   aa 00 00 00 00 00 00 00 00 00 00 00 00 00 00 00 00 00 00 aa
t+ 769.569s NOTIFY  aa 00 00 00 00 00 00 00 00 00 00 00 00 00 00 00 00 00 00 aa
t+ 771.433s WRITE   aa 01 00 00 00 00 00 00 00 00 00 00 00 00 00 00 00 00 00 ab
t+ 771.449s WRITE   aa 00 00 00 00 00 00 00 00 00 00 00 00 00 00 00 00 00 00 aa
t+ 771.469s NOTIFY  aa 01 01 00 00 00 00 00 00 00 00 00 00 00 00 00 00 00 00 aa
t+ 771.470s NOTIFY  aa 00 00 00 00 00 00 00 00 00 00 00 00 00 00 00 00 00 00 aa
t+ 773.439s WRITE   aa 01 00 00 00 00 00 00 00 00 00 00 00 00 00 00 00 00 00 ab
t+ 773.456s WRITE   aa 00 00 00 00 00 00 00 00 00 00 00 00 00 00 00 00 00 00 aa
t+ 773.542s NOTIFY  aa 01 01 00 00 00 00 00 00 00 00 00 00 00 00 00 00 00 00 aa
t+ 773.543s NOTIFY  aa 00 00 00 00 00 00 00 00 00 00 00 00 00 00 00 00 00 00 aa
t+ 775.432s WRITE   aa 01 00 00 00 00 00 00 00 00 00 00 00 00 00 00 00 00 00 ab
t+ 775.470s NOTIFY  aa 01 01 00 00 00 00 00 00 00 00 00 00 00 00 00 00 00 00 aa
t+ 775.541s WRITE   aa 00 00 00 00 00 00 00 00 00 00 00 00 00 00 00 00 00 00 aa
t+ 775.557s NOTIFY  aa 00 00 00 00 00 00 00 00 00 00 00 00 00 00 00 00 00 00 aa
t+ 777.443s WRITE   aa 01 00 00 00 00 00 00 00 00 00 00 00 00 00 00 00 00 00 ab
t+ 777.483s NOTIFY  aa 01 01 00 00 00 00 00 00 00 00 00 00 00 00 00 00 00 00 aa
t+ 777.564s WRITE   aa 00 00 00 00 00 00 00 00 00 00 00 00 00 00 00 00 00 00 aa
t+ 777.583s NOTIFY  aa 00 00 00 00 00 00 00 00 00 00 00 00 00 00 00 00 00 00 aa
t+ 779.443s WRITE   aa 01 00 00 00 00 00 00 00 00 00 00 00 00 00 00 00 00 00 ab
t+ 779.482s NOTIFY  aa 01 01 00 00 00 00 00 00 00 00 00 00 00 00 00 00 00 00 aa
t+ 779.556s WRITE   aa 00 00 00 00 00 00 00 00 00 00 00 00 00 00 00 00 00 00 aa
t+ 779.586s NOTIFY  aa 00 00 00 00 00 00 00 00 00 00 00 00 00 00 00 00 00 00 aa
t+ 781.448s WRITE   aa 01 00 00 00 00 00 00 00 00 00 00 00 00 00 00 00 00 00 ab
t+ 781.463s WRITE   aa 00 00 00 00 00 00 00 00 00 00 00 00 00 00 00 00 00 00 aa
t+ 781.484s NOTIFY  aa 01 01 00 00 00 00 00 00 00 00 00 00 00 00 00 00 00 00 aa
t+ 781.485s NOTIFY  aa 00 00 00 00 00 00 00 00 00 00 00 00 00 00 00 00 00 00 aa
t+ 783.449s WRITE   aa 01 00 00 00 00 00 00 00 00 00 00 00 00 00 00 00 00 00 ab
t+ 783.484s NOTIFY  aa 01 01 00 00 00 00 00 00 00 00 00 00 00 00 00 00 00 00 aa
t+ 783.557s WRITE   aa 00 00 00 00 00 00 00 00 00 00 00 00 00 00 00 00 00 00 aa
t+ 783.582s NOTIFY  aa 00 00 00 00 00 00 00 00 00 00 00 00 00 00 00 00 00 00 aa
t+ 785.452s WRITE   aa 01 00 00 00 00 00 00 00 00 00 00 00 00 00 00 00 00 00 ab
t+ 785.467s WRITE   aa 00 00 00 00 00 00 00 00 00 00 00 00 00 00 00 00 00 00 aa
t+ 785.482s NOTIFY  aa 01 01 00 00 00 00 00 00 00 00 00 00 00 00 00 00 00 00 aa
t+ 785.485s NOTIFY  aa 00 00 00 00 00 00 00 00 00 00 00 00 00 00 00 00 00 00 aa
t+ 787.453s WRITE   aa 01 00 00 00 00 00 00 00 00 00 00 00 00 00 00 00 00 00 ab
t+ 787.467s WRITE   aa 00 00 00 00 00 00 00 00 00 00 00 00 00 00 00 00 00 00 aa
t+ 787.484s NOTIFY  aa 01 01 00 00 00 00 00 00 00 00 00 00 00 00 00 00 00 00 aa
t+ 787.498s NOTIFY  aa 00 00 00 00 00 00 00 00 00 00 00 00 00 00 00 00 00 00 aa
t+ 789.453s WRITE   aa 01 00 00 00 00 00 00 00 00 00 00 00 00 00 00 00 00 00 ab
t+ 789.483s NOTIFY  aa 01 01 00 00 00 00 00 00 00 00 00 00 00 00 00 00 00 00 aa
t+ 789.568s WRITE   aa 00 00 00 00 00 00 00 00 00 00 00 00 00 00 00 00 00 00 aa
t+ 789.595s NOTIFY  aa 00 00 00 00 00 00 00 00 00 00 00 00 00 00 00 00 00 00 aa
t+ 791.455s WRITE   aa 01 00 00 00 00 00 00 00 00 00 00 00 00 00 00 00 00 00 ab
t+ 791.468s WRITE   aa 00 00 00 00 00 00 00 00 00 00 00 00 00 00 00 00 00 00 aa
t+ 791.495s NOTIFY  aa 01 01 00 00 00 00 00 00 00 00 00 00 00 00 00 00 00 00 aa
t+ 791.496s NOTIFY  aa 00 00 00 00 00 00 00 00 00 00 00 00 00 00 00 00 00 00 aa
t+ 793.455s WRITE   aa 00 00 00 00 00 00 00 00 00 00 00 00 00 00 00 00 00 00 aa
t+ 793.499s NOTIFY  aa 00 00 00 00 00 00 00 00 00 00 00 00 00 00 00 00 00 00 aa
t+ 793.561s WRITE   aa 01 00 00 00 00 00 00 00 00 00 00 00 00 00 00 00 00 00 ab
t+ 793.584s NOTIFY  aa 01 01 00 00 00 00 00 00 00 00 00 00 00 00 00 00 00 00 aa
t+ 795.461s [...]   -- 1 repeat(s) of the heartbeat above elided (spanning 0.0s); pass --keep-heartbeat to see them all --
t+ 795.573s WRITE   aa 00 00 00 00 00 00 00 00 00 00 00 00 00 00 00 00 00 00 aa
t+ 795.608s NOTIFY  aa 00 00 00 00 00 00 00 00 00 00 00 00 00 00 00 00 00 00 aa
t+ 797.465s WRITE   aa 01 00 00 00 00 00 00 00 00 00 00 00 00 00 00 00 00 00 ab
t+ 797.495s NOTIFY  aa 01 01 00 00 00 00 00 00 00 00 00 00 00 00 00 00 00 00 aa
t+ 797.577s WRITE   aa 00 00 00 00 00 00 00 00 00 00 00 00 00 00 00 00 00 00 aa
t+ 797.595s NOTIFY  aa 00 00 00 00 00 00 00 00 00 00 00 00 00 00 00 00 00 00 aa
t+ 799.466s WRITE   aa 01 00 00 00 00 00 00 00 00 00 00 00 00 00 00 00 00 00 ab
t+ 799.482s WRITE   aa 00 00 00 00 00 00 00 00 00 00 00 00 00 00 00 00 00 00 aa
t+ 799.508s NOTIFY  aa 01 01 00 00 00 00 00 00 00 00 00 00 00 00 00 00 00 00 aa
t+ 799.509s NOTIFY  aa 00 00 00 00 00 00 00 00 00 00 00 00 00 00 00 00 00 00 aa
t+ 801.471s WRITE   aa 01 00 00 00 00 00 00 00 00 00 00 00 00 00 00 00 00 00 ab
t+ 801.484s WRITE   aa 00 00 00 00 00 00 00 00 00 00 00 00 00 00 00 00 00 00 aa
t+ 801.507s NOTIFY  aa 01 01 00 00 00 00 00 00 00 00 00 00 00 00 00 00 00 00 aa
t+ 801.508s NOTIFY  aa 00 00 00 00 00 00 00 00 00 00 00 00 00 00 00 00 00 00 aa
t+ 803.481s WRITE   aa 01 00 00 00 00 00 00 00 00 00 00 00 00 00 00 00 00 00 ab
t+ 803.495s WRITE   aa 00 00 00 00 00 00 00 00 00 00 00 00 00 00 00 00 00 00 aa
t+ 803.520s NOTIFY  aa 01 01 00 00 00 00 00 00 00 00 00 00 00 00 00 00 00 00 aa
t+ 803.520s NOTIFY  aa 00 00 00 00 00 00 00 00 00 00 00 00 00 00 00 00 00 00 aa
t+ 805.477s WRITE   aa 01 00 00 00 00 00 00 00 00 00 00 00 00 00 00 00 00 00 ab
t+ 805.492s WRITE   aa 00 00 00 00 00 00 00 00 00 00 00 00 00 00 00 00 00 00 aa
t+ 805.508s NOTIFY  aa 01 01 00 00 00 00 00 00 00 00 00 00 00 00 00 00 00 00 aa
t+ 805.516s NOTIFY  aa 00 00 00 00 00 00 00 00 00 00 00 00 00 00 00 00 00 00 aa
t+ 807.478s WRITE   aa 01 00 00 00 00 00 00 00 00 00 00 00 00 00 00 00 00 00 ab
t+ 807.520s NOTIFY  aa 01 01 00 00 00 00 00 00 00 00 00 00 00 00 00 00 00 00 aa
t+ 807.587s WRITE   aa 00 00 00 00 00 00 00 00 00 00 00 00 00 00 00 00 00 00 aa
t+ 807.607s NOTIFY  aa 00 00 00 00 00 00 00 00 00 00 00 00 00 00 00 00 00 00 aa
t+ 809.481s WRITE   aa 01 00 00 00 00 00 00 00 00 00 00 00 00 00 00 00 00 00 ab
t+ 809.496s WRITE   aa 00 00 00 00 00 00 00 00 00 00 00 00 00 00 00 00 00 00 aa
t+ 809.520s NOTIFY  aa 01 01 00 00 00 00 00 00 00 00 00 00 00 00 00 00 00 00 aa
t+ 809.521s NOTIFY  aa 00 00 00 00 00 00 00 00 00 00 00 00 00 00 00 00 00 00 aa
t+ 811.481s WRITE   aa 01 00 00 00 00 00 00 00 00 00 00 00 00 00 00 00 00 00 ab
t+ 811.521s NOTIFY  aa 01 01 00 00 00 00 00 00 00 00 00 00 00 00 00 00 00 00 aa
t+ 811.589s WRITE   aa 00 00 00 00 00 00 00 00 00 00 00 00 00 00 00 00 00 00 aa
t+ 811.607s NOTIFY  aa 00 00 00 00 00 00 00 00 00 00 00 00 00 00 00 00 00 00 aa
t+ 813.485s WRITE   aa 01 00 00 00 00 00 00 00 00 00 00 00 00 00 00 00 00 00 ab
t+ 813.498s WRITE   aa 00 00 00 00 00 00 00 00 00 00 00 00 00 00 00 00 00 00 aa
t+ 813.520s NOTIFY  aa 01 01 00 00 00 00 00 00 00 00 00 00 00 00 00 00 00 00 aa
t+ 813.520s NOTIFY  aa 00 00 00 00 00 00 00 00 00 00 00 00 00 00 00 00 00 00 aa
t+ 815.487s WRITE   aa 01 00 00 00 00 00 00 00 00 00 00 00 00 00 00 00 00 00 ab
t+ 815.522s NOTIFY  aa 01 01 00 00 00 00 00 00 00 00 00 00 00 00 00 00 00 00 aa
t+ 815.612s WRITE   aa 00 00 00 00 00 00 00 00 00 00 00 00 00 00 00 00 00 00 aa
t+ 815.632s NOTIFY  aa 00 00 00 00 00 00 00 00 00 00 00 00 00 00 00 00 00 00 aa
t+ 817.486s WRITE   aa 00 00 00 00 00 00 00 00 00 00 00 00 00 00 00 00 00 00 aa
t+ 817.494s WRITE   aa 01 00 00 00 00 00 00 00 00 00 00 00 00 00 00 00 00 00 ab
t+ 817.509s NOTIFY  aa 00 00 00 00 00 00 00 00 00 00 00 00 00 00 00 00 00 00 aa
t+ 817.520s NOTIFY  aa 01 01 00 00 00 00 00 00 00 00 00 00 00 00 00 00 00 00 aa
t+ 819.489s WRITE   aa 01 00 00 00 00 00 00 00 00 00 00 00 00 00 00 00 00 00 ab
t+ 819.492s WRITE   aa 00 00 00 00 00 00 00 00 00 00 00 00 00 00 00 00 00 00 aa
t+ 819.508s NOTIFY  aa 01 01 00 00 00 00 00 00 00 00 00 00 00 00 00 00 00 00 aa
t+ 819.528s NOTIFY  aa 00 00 00 00 00 00 00 00 00 00 00 00 00 00 00 00 00 00 aa
t+ 821.500s WRITE   aa 01 00 00 00 00 00 00 00 00 00 00 00 00 00 00 00 00 00 ab
t+ 821.515s WRITE   aa 00 00 00 00 00 00 00 00 00 00 00 00 00 00 00 00 00 00 aa
t+ 821.533s NOTIFY  aa 01 01 00 00 00 00 00 00 00 00 00 00 00 00 00 00 00 00 aa
t+ 821.534s NOTIFY  aa 00 00 00 00 00 00 00 00 00 00 00 00 00 00 00 00 00 00 aa
t+ 823.504s WRITE   aa 01 00 00 00 00 00 00 00 00 00 00 00 00 00 00 00 00 00 ab
t+ 823.519s WRITE   aa 00 00 00 00 00 00 00 00 00 00 00 00 00 00 00 00 00 00 aa
t+ 823.534s NOTIFY  aa 01 01 00 00 00 00 00 00 00 00 00 00 00 00 00 00 00 00 aa
t+ 823.545s NOTIFY  aa 00 00 00 00 00 00 00 00 00 00 00 00 00 00 00 00 00 00 aa
t+ 825.500s WRITE   aa 01 00 00 00 00 00 00 00 00 00 00 00 00 00 00 00 00 00 ab
t+ 825.506s WRITE   aa 00 00 00 00 00 00 00 00 00 00 00 00 00 00 00 00 00 00 aa
t+ 825.523s NOTIFY  aa 01 01 00 00 00 00 00 00 00 00 00 00 00 00 00 00 00 00 aa
t+ 825.532s NOTIFY  aa 00 00 00 00 00 00 00 00 00 00 00 00 00 00 00 00 00 00 aa
t+ 827.496s WRITE   aa 01 00 00 00 00 00 00 00 00 00 00 00 00 00 00 00 00 00 ab
t+ 827.533s NOTIFY  aa 01 01 00 00 00 00 00 00 00 00 00 00 00 00 00 00 00 00 aa
t+ 827.613s WRITE   aa 00 00 00 00 00 00 00 00 00 00 00 00 00 00 00 00 00 00 aa
t+ 827.633s NOTIFY  aa 00 00 00 00 00 00 00 00 00 00 00 00 00 00 00 00 00 00 aa
t+ 829.503s WRITE   aa 01 00 00 00 00 00 00 00 00 00 00 00 00 00 00 00 00 00 ab
t+ 829.518s WRITE   aa 00 00 00 00 00 00 00 00 00 00 00 00 00 00 00 00 00 00 aa
t+ 829.549s NOTIFY  aa 01 01 00 00 00 00 00 00 00 00 00 00 00 00 00 00 00 00 aa
t+ 829.549s NOTIFY  aa 00 00 00 00 00 00 00 00 00 00 00 00 00 00 00 00 00 00 aa
t+ 831.506s WRITE   aa 00 00 00 00 00 00 00 00 00 00 00 00 00 00 00 00 00 00 aa
t+ 831.546s NOTIFY  aa 00 00 00 00 00 00 00 00 00 00 00 00 00 00 00 00 00 00 aa
t+ 831.616s WRITE   aa 01 00 00 00 00 00 00 00 00 00 00 00 00 00 00 00 00 00 ab
t+ 831.633s NOTIFY  aa 01 01 00 00 00 00 00 00 00 00 00 00 00 00 00 00 00 00 aa
t+ 833.508s [...]   -- 1 repeat(s) of the heartbeat above elided (spanning 0.0s); pass --keep-heartbeat to see them all --
t+ 833.615s WRITE   aa 00 00 00 00 00 00 00 00 00 00 00 00 00 00 00 00 00 00 aa
t+ 833.633s NOTIFY  aa 00 00 00 00 00 00 00 00 00 00 00 00 00 00 00 00 00 00 aa
t+ 835.513s WRITE   aa 01 00 00 00 00 00 00 00 00 00 00 00 00 00 00 00 00 00 ab
t+ 835.546s NOTIFY  aa 01 01 00 00 00 00 00 00 00 00 00 00 00 00 00 00 00 00 aa
t+ 835.628s WRITE   aa 00 00 00 00 00 00 00 00 00 00 00 00 00 00 00 00 00 00 aa
t+ 835.646s NOTIFY  aa 00 00 00 00 00 00 00 00 00 00 00 00 00 00 00 00 00 00 aa
t+ 837.513s WRITE   aa 00 00 00 00 00 00 00 00 00 00 00 00 00 00 00 00 00 00 aa
t+ 837.529s WRITE   aa 01 00 00 00 00 00 00 00 00 00 00 00 00 00 00 00 00 00 ab
t+ 837.546s NOTIFY  aa 00 00 00 00 00 00 00 00 00 00 00 00 00 00 00 00 00 00 aa
t+ 837.555s NOTIFY  aa 01 01 00 00 00 00 00 00 00 00 00 00 00 00 00 00 00 00 aa
t+ 839.519s WRITE   aa 01 00 00 00 00 00 00 00 00 00 00 00 00 00 00 00 00 00 ab
t+ 839.537s WRITE   aa 00 00 00 00 00 00 00 00 00 00 00 00 00 00 00 00 00 00 aa
t+ 839.559s NOTIFY  aa 01 01 00 00 00 00 00 00 00 00 00 00 00 00 00 00 00 00 aa
t+ 839.560s NOTIFY  aa 00 00 00 00 00 00 00 00 00 00 00 00 00 00 00 00 00 00 aa
t+ 841.521s WRITE   aa 00 00 00 00 00 00 00 00 00 00 00 00 00 00 00 00 00 00 aa
t+ 841.534s WRITE   aa 01 00 00 00 00 00 00 00 00 00 00 00 00 00 00 00 00 00 ab
t+ 841.571s NOTIFY  aa 00 00 00 00 00 00 00 00 00 00 00 00 00 00 00 00 00 00 aa
t+ 841.572s NOTIFY  aa 01 01 00 00 00 00 00 00 00 00 00 00 00 00 00 00 00 00 aa
t+ 843.522s WRITE   aa 01 00 00 00 00 00 00 00 00 00 00 00 00 00 00 00 00 00 ab
t+ 843.539s WRITE   aa 00 00 00 00 00 00 00 00 00 00 00 00 00 00 00 00 00 00 aa
t+ 843.558s NOTIFY  aa 01 01 00 00 00 00 00 00 00 00 00 00 00 00 00 00 00 00 aa
t+ 843.561s NOTIFY  aa 00 00 00 00 00 00 00 00 00 00 00 00 00 00 00 00 00 00 aa
t+ 845.521s WRITE   aa 01 00 00 00 00 00 00 00 00 00 00 00 00 00 00 00 00 00 ab
t+ 845.534s WRITE   aa 00 00 00 00 00 00 00 00 00 00 00 00 00 00 00 00 00 00 aa
t+ 845.558s NOTIFY  aa 01 01 00 00 00 00 00 00 00 00 00 00 00 00 00 00 00 00 aa
t+ 845.560s NOTIFY  aa 00 00 00 00 00 00 00 00 00 00 00 00 00 00 00 00 00 00 aa
t+ 847.520s WRITE   aa 01 00 00 00 00 00 00 00 00 00 00 00 00 00 00 00 00 00 ab
t+ 847.560s NOTIFY  aa 01 01 00 00 00 00 00 00 00 00 00 00 00 00 00 00 00 00 aa
t+ 847.632s WRITE   aa 00 00 00 00 00 00 00 00 00 00 00 00 00 00 00 00 00 00 aa
t+ 847.660s NOTIFY  aa 00 00 00 00 00 00 00 00 00 00 00 00 00 00 00 00 00 00 aa
t+ 849.532s WRITE   aa 01 00 00 00 00 00 00 00 00 00 00 00 00 00 00 00 00 00 ab
t+ 849.546s WRITE   aa 00 00 00 00 00 00 00 00 00 00 00 00 00 00 00 00 00 00 aa
t+ 849.578s NOTIFY  aa 01 01 00 00 00 00 00 00 00 00 00 00 00 00 00 00 00 00 aa
t+ 849.578s NOTIFY  aa 00 00 00 00 00 00 00 00 00 00 00 00 00 00 00 00 00 00 aa
t+ 851.532s WRITE   aa 00 00 00 00 00 00 00 00 00 00 00 00 00 00 00 00 00 00 aa
t+ 851.585s NOTIFY  aa 00 00 00 00 00 00 00 00 00 00 00 00 00 00 00 00 00 00 aa
t+ 851.639s WRITE   aa 01 00 00 00 00 00 00 00 00 00 00 00 00 00 00 00 00 00 ab
t+ 851.660s NOTIFY  aa 01 01 00 00 00 00 00 00 00 00 00 00 00 00 00 00 00 00 aa
t+ 853.529s WRITE   aa 00 00 00 00 00 00 00 00 00 00 00 00 00 00 00 00 00 00 aa
t+ 853.576s NOTIFY  aa 00 00 00 00 00 00 00 00 00 00 00 00 00 00 00 00 00 00 aa
t+ 853.639s WRITE   aa 01 00 00 00 00 00 00 00 00 00 00 00 00 00 00 00 00 00 ab
t+ 853.658s NOTIFY  aa 01 01 00 00 00 00 00 00 00 00 00 00 00 00 00 00 00 00 aa
t+ 855.534s [...]   -- 1 repeat(s) of the heartbeat above elided (spanning 0.0s); pass --keep-heartbeat to see them all --
t+ 855.642s WRITE   aa 00 00 00 00 00 00 00 00 00 00 00 00 00 00 00 00 00 00 aa
t+ 855.659s NOTIFY  aa 00 00 00 00 00 00 00 00 00 00 00 00 00 00 00 00 00 00 aa
t+ 857.542s WRITE   aa 00 00 00 00 00 00 00 00 00 00 00 00 00 00 00 00 00 00 aa
t+ 857.558s WRITE   aa 01 00 00 00 00 00 00 00 00 00 00 00 00 00 00 00 00 00 ab
t+ 857.584s NOTIFY  aa 00 00 00 00 00 00 00 00 00 00 00 00 00 00 00 00 00 00 aa
t+ 857.584s NOTIFY  aa 01 01 00 00 00 00 00 00 00 00 00 00 00 00 00 00 00 00 aa
t+ 859.543s WRITE   aa 01 00 00 00 00 00 00 00 00 00 00 00 00 00 00 00 00 00 ab
t+ 859.584s NOTIFY  aa 01 01 00 00 00 00 00 00 00 00 00 00 00 00 00 00 00 00 aa
t+ 859.651s WRITE   aa 00 00 00 00 00 00 00 00 00 00 00 00 00 00 00 00 00 00 aa
t+ 859.671s NOTIFY  aa 00 00 00 00 00 00 00 00 00 00 00 00 00 00 00 00 00 00 aa
t+ 861.543s WRITE   aa 01 00 00 00 00 00 00 00 00 00 00 00 00 00 00 00 00 00 ab
t+ 861.584s NOTIFY  aa 01 01 00 00 00 00 00 00 00 00 00 00 00 00 00 00 00 00 aa
t+ 861.665s WRITE   aa 00 00 00 00 00 00 00 00 00 00 00 00 00 00 00 00 00 00 aa
t+ 861.750s NOTIFY  aa 00 00 00 00 00 00 00 00 00 00 00 00 00 00 00 00 00 00 aa
t+ 863.549s WRITE   aa 01 00 00 00 00 00 00 00 00 00 00 00 00 00 00 00 00 00 ab
t+ 863.584s NOTIFY  aa 01 01 00 00 00 00 00 00 00 00 00 00 00 00 00 00 00 00 aa
t+ 863.719s WRITE   aa 00 00 00 00 00 00 00 00 00 00 00 00 00 00 00 00 00 00 aa
t+ 863.746s NOTIFY  aa 00 00 00 00 00 00 00 00 00 00 00 00 00 00 00 00 00 00 aa
t+ 865.547s WRITE   aa 01 00 00 00 00 00 00 00 00 00 00 00 00 00 00 00 00 00 ab
t+ 865.588s NOTIFY  aa 01 01 00 00 00 00 00 00 00 00 00 00 00 00 00 00 00 00 aa
t+ 865.651s WRITE   aa 00 00 00 00 00 00 00 00 00 00 00 00 00 00 00 00 00 00 aa
t+ 865.674s NOTIFY  aa 00 00 00 00 00 00 00 00 00 00 00 00 00 00 00 00 00 00 aa
t+ 867.553s WRITE   aa 01 00 00 00 00 00 00 00 00 00 00 00 00 00 00 00 00 00 ab
t+ 867.597s NOTIFY  aa 01 01 00 00 00 00 00 00 00 00 00 00 00 00 00 00 00 00 aa
t+ 867.674s WRITE   aa 00 00 00 00 00 00 00 00 00 00 00 00 00 00 00 00 00 00 aa
t+ 867.696s NOTIFY  aa 00 00 00 00 00 00 00 00 00 00 00 00 00 00 00 00 00 00 aa
t+ 869.549s WRITE   aa 01 00 00 00 00 00 00 00 00 00 00 00 00 00 00 00 00 00 ab
t+ 869.584s NOTIFY  aa 01 01 00 00 00 00 00 00 00 00 00 00 00 00 00 00 00 00 aa
t+ 869.654s WRITE   aa 00 00 00 00 00 00 00 00 00 00 00 00 00 00 00 00 00 00 aa
t+ 869.671s NOTIFY  aa 00 00 00 00 00 00 00 00 00 00 00 00 00 00 00 00 00 00 aa
t+ 871.554s WRITE   aa 01 00 00 00 00 00 00 00 00 00 00 00 00 00 00 00 00 00 ab
t+ 871.589s NOTIFY  aa 01 01 00 00 00 00 00 00 00 00 00 00 00 00 00 00 00 00 aa
t+ 871.660s WRITE   aa 00 00 00 00 00 00 00 00 00 00 00 00 00 00 00 00 00 00 aa
t+ 871.683s NOTIFY  aa 00 00 00 00 00 00 00 00 00 00 00 00 00 00 00 00 00 00 aa
t+ 873.557s WRITE   aa 00 00 00 00 00 00 00 00 00 00 00 00 00 00 00 00 00 00 aa
t+ 873.572s WRITE   aa 01 00 00 00 00 00 00 00 00 00 00 00 00 00 00 00 00 00 ab
t+ 873.597s NOTIFY  aa 00 00 00 00 00 00 00 00 00 00 00 00 00 00 00 00 00 00 aa
t+ 873.598s NOTIFY  aa 01 01 00 00 00 00 00 00 00 00 00 00 00 00 00 00 00 00 aa
t+ 875.558s WRITE   aa 01 00 00 00 00 00 00 00 00 00 00 00 00 00 00 00 00 00 ab
t+ 875.571s WRITE   aa 00 00 00 00 00 00 00 00 00 00 00 00 00 00 00 00 00 00 aa
t+ 875.596s NOTIFY  aa 01 01 00 00 00 00 00 00 00 00 00 00 00 00 00 00 00 00 aa
t+ 875.598s NOTIFY  aa 00 00 00 00 00 00 00 00 00 00 00 00 00 00 00 00 00 00 aa
